#
# A fatal error has been detected by the Java Runtime Environment:
#
#  SIGSEGV (0xb) at pc=0x000000010111cab1, pid=11018, tid=4875
#
# JRE version: Java(TM) SE Runtime Environment (8.0_77-b03) (build 1.8.0_77-b03)
# Java VM: Java HotSpot(TM) 64-Bit Server VM (25.77-b03 mixed mode bsd-amd64 compressed oops)
# Problematic frame:
# V  [libjvm.dylib+0x31cab1]
#
# Failed to write core dump. Core dumps have been disabled. To enable core dumping, try "ulimit -c unlimited" before starting Java again
#
# If you would like to submit a bug report, please visit:
#   http://bugreport.java.com/bugreport/crash.jsp
#

---------------  T H R E A D  ---------------

Current thread (0x00007fe3cd835000):  JavaThread "Thread-2" [_thread_in_vm, id=4875, stack(0x0000700005ff0000,0x00007000060f0000)]

siginfo: si_signo: 11 (SIGSEGV), si_code: 1 (SEGV_MAPERR), si_addr: 0x0000000000000000

Registers:
RAX=0x00000001016e45c0, RBX=0x0000000000000000, RCX=0x0000000101615340, RDX=0x0000000000000000
RSP=0x00007000060ef730, RBP=0x00007000060ef780, RSI=0x0000000000000000, RDI=0x00007fe3cd8351f8
R8 =0x6529b5af9016001c, R9 =0x0000000000000000, R10=0x00000001087b7928, R11=0x00000001012dbfb7
R12=0x0000000000000000, R13=0x0000000103afaa20, R14=0x0000000000000000, R15=0x00007fe3cd8351f8
RIP=0x000000010111cab1, EFLAGS=0x0000000000010246, ERR=0x0000000000000004
  TRAPNO=0x000000000000000e

Top of Stack: (sp=0x00007000060ef730)
0x00007000060ef730:   00007fe3cd835000 00007fe3cbd12e40
0x00007000060ef740:   00007fe3cd835000 0000000000000001
0x00007000060ef750:   00007000060ef790 0000000103afaa20
0x00007000060ef760:   0000000103afaa20 0000000000000000
0x00007000060ef770:   00007000060ef8a0 00007fe3cd835000
0x00007000060ef780:   00007000060ef810 0000000105219d1c
0x00007000060ef790:   00007000060ef800 00000001010e31e7
0x00007000060ef7a0:   00007fe3cd835000 00007fe3cd835000
0x00007000060ef7b0:   000000010111ca71 0000000103afaa20
0x00007000060ef7c0:   00007fe3cd835000 0000000103afaa20
0x00007000060ef7d0:   00007fe3cd835000 0000000103afaa20
0x00007000060ef7e0:   0000000103afaa20 0000000000000000
0x00007000060ef7f0:   00007000060ef8a0 00007fe3cd8351f8
0x00007000060ef800:   00007000060ef878 6529b5af9016001c
0x00007000060ef810:   00007000060ef878 00000001087b7954
0x00007000060ef820:   00007000060ef878 00000001087b76e7
0x00007000060ef830:   00000001087b76a2 00007000060ef838
0x00007000060ef840:   0000000103afaa20 00007000060ef8a0
0x00007000060ef850:   0000000103afacd8 0000000000000000
0x00007000060ef860:   0000000103afaa20 0000000000000000
0x00007000060ef870:   00007000060ef898 00007000060ef8e8
0x00007000060ef880:   00000001087a99d0 0000000000000000
0x00007000060ef890:   00000001087b157b 0000000000000000
0x00007000060ef8a0:   000000076aedcdf0 00007000060ef8a8
0x00007000060ef8b0:   0000000103afabd8 00007000060ef900
0x00007000060ef8c0:   0000000103afacd8 0000000000000000
0x00007000060ef8d0:   0000000103afabe8 00007000060ef898
0x00007000060ef8e0:   00007000060ef900 00007000060ef950
0x00007000060ef8f0:   00000001087a99d0 0000000000000000
0x00007000060ef900:   0000000000000000 000000076abeea38
0x00007000060ef910:   00007000060ef910 0000000103af875d
0x00007000060ef920:   00007000060ef968 0000000103afa588 

Instructions: (pc=0x000000010111cab1)
0x000000010111ca91:   48 89 45 b0 48 8d 7d b0 be 06 00 00 00 e8 c5 b9
0x000000010111caa1:   e4 ff 4c 89 ff 4c 89 f6 48 89 da 90 0f 1f 40 00
0x000000010111cab1:   4d 8b 36 48 8d 05 c9 d0 5b 00 80 38 00 0f 94 c0
0x000000010111cac1:   0f b6 c0 4d 63 7c 86 0c 4d 85 ff 75 0a e8 88 43 

Register to memory mapping:

RAX=0x00000001016e45c0: _ZN20SafepointSynchronize6_stateE+0 in /Library/Java/JavaVirtualMachines/jdk1.8.0_77.jdk/Contents/Home/jre/lib/server/libjvm.dylib at 0x0000000100e00000
RBX=0x0000000000000000 is an unknown value
RCX=0x0000000101615340: UseMembar+0 in /Library/Java/JavaVirtualMachines/jdk1.8.0_77.jdk/Contents/Home/jre/lib/server/libjvm.dylib at 0x0000000100e00000
RDX=0x0000000000000000 is an unknown value
RSP=0x00007000060ef730 is pointing into the stack for thread: 0x00007fe3cd835000
RBP=0x00007000060ef780 is pointing into the stack for thread: 0x00007fe3cd835000
RSI=0x0000000000000000 is an unknown value
RDI=0x00007fe3cd8351f8 is an unknown value
R8 =0x6529b5af9016001c is an unknown value
R9 =0x0000000000000000 is an unknown value
R10=0x00000001087b7928 is at code_begin+808 in an Interpreter codelet
method entry point (kind = native)  [0x00000001087b7600, 0x00000001087b7f00]  2304 bytes
R11=0x00000001012dbfb7: throw_unsatisfied_link_error+0 in /Library/Java/JavaVirtualMachines/jdk1.8.0_77.jdk/Contents/Home/jre/lib/server/libjvm.dylib at 0x0000000100e00000
R12=0x0000000000000000 is an unknown value
R13={method} {0x0000000103afaa20} 'runInsertionSort' '([I)[I' in 'InsertionSort'
R14=0x0000000000000000 is an unknown value
R15=0x00007fe3cd8351f8 is an unknown value


Stack: [0x0000700005ff0000,0x00007000060f0000],  sp=0x00007000060ef730,  free space=1021k
Native frames: (J=compiled Java code, j=interpreted, Vv=VM code, C=native code)
V  [libjvm.dylib+0x31cab1]
C  [libInsertionSort.dylib+0xd1c]  Java_InsertionSort_runInsertionSort+0x4c
j  InsertionSort.runInsertionSort([I)[I+0
j  InsertionSort.sort([I)[I+8
j  InsertionSortThread.run()V+5
v  ~StubRoutines::call_stub
V  [libjvm.dylib+0x2ea39e]
V  [libjvm.dylib+0x2eab2c]
V  [libjvm.dylib+0x2eacd8]
V  [libjvm.dylib+0x345255]
V  [libjvm.dylib+0x560e03]
V  [libjvm.dylib+0x5624fe]
V  [libjvm.dylib+0x482eda]
C  [libsystem_pthread.dylib+0x3aab]  _pthread_body+0xb4
C  [libsystem_pthread.dylib+0x39f7]  _pthread_body+0x0
C  [libsystem_pthread.dylib+0x31fd]  thread_start+0xd
C  0x0000000000000000

Java frames: (J=compiled Java code, j=interpreted, Vv=VM code)
j  InsertionSort.runInsertionSort([I)[I+0
j  InsertionSort.sort([I)[I+8
j  InsertionSortThread.run()V+5
v  ~StubRoutines::call_stub

---------------  P R O C E S S  ---------------

Java Threads: ( => current thread )
=>0x00007fe3cd835000 JavaThread "Thread-2" [_thread_in_vm, id=4875, stack(0x0000700005ff0000,0x00007000060f0000)]
  0x00007fe3cd01f800 JavaThread "Timer-1" [_thread_blocked, id=4363, stack(0x00007000050c0000,0x00007000051c0000)]
  0x00007fe3cc057800 JavaThread "Service Thread" daemon [_thread_blocked, id=18691, stack(0x0000700005dea000,0x0000700005eea000)]
  0x00007fe3cc047000 JavaThread "C1 CompilerThread2" daemon [_thread_blocked, id=18179, stack(0x0000700005ce7000,0x0000700005de7000)]
  0x00007fe3cc043000 JavaThread "C2 CompilerThread1" daemon [_thread_blocked, id=17667, stack(0x0000700005be4000,0x0000700005ce4000)]
  0x00007fe3cc82d000 JavaThread "C2 CompilerThread0" daemon [_thread_blocked, id=17155, stack(0x0000700005ae1000,0x0000700005be1000)]
  0x00007fe3cc825800 JavaThread "Signal Dispatcher" daemon [_thread_blocked, id=16643, stack(0x00007000059de000,0x0000700005ade000)]
  0x00007fe3cc033800 JavaThread "Finalizer" daemon [_thread_blocked, id=12547, stack(0x00007000058db000,0x00007000059db000)]
  0x00007fe3cc031000 JavaThread "Reference Handler" daemon [_thread_blocked, id=12035, stack(0x00007000057d8000,0x00007000058d8000)]
  0x00007fe3cd001800 JavaThread "main" [_thread_blocked, id=7171, stack(0x00007000051c6000,0x00007000052c6000)]

Other Threads:
  0x00007fe3cc02c000 VMThread [stack: 0x00007000056d5000,0x00007000057d5000] [id=11523]
  0x00007fe3cc060800 WatcherThread [stack: 0x0000700005eed000,0x0000700005fed000] [id=19203]

VM state:not at safepoint (normal execution)

VM Mutex/Monitor currently owned by a thread: None

Heap:
 PSYoungGen      total 76288K, used 5242K [0x000000076ab00000, 0x0000000770000000, 0x00000007c0000000)
  eden space 65536K, 8% used [0x000000076ab00000,0x000000076b01ebd8,0x000000076eb00000)
  from space 10752K, 0% used [0x000000076f580000,0x000000076f580000,0x0000000770000000)
  to   space 10752K, 0% used [0x000000076eb00000,0x000000076eb00000,0x000000076f580000)
 ParOldGen       total 175104K, used 0K [0x00000006c0000000, 0x00000006cab00000, 0x000000076ab00000)
  object space 175104K, 0% used [0x00000006c0000000,0x00000006c0000000,0x00000006cab00000)
 Metaspace       used 3475K, capacity 4606K, committed 4864K, reserved 1056768K
  class space    used 404K, capacity 430K, committed 512K, reserved 1048576K

Card table byte_map: [0x000000010214f000,0x0000000102950000] byte_map_base: 0x00000000feb4f000

Marking Bits: (ParMarkBitMap*) 0x00000001016e3ea0
 Begin Bits: [0x00000001177a2000, 0x000000011b7a2000)
 End Bits:   [0x000000011b7a2000, 0x000000011f7a2000)

Polling page: 0x00000001005b3000

CodeCache: size=245760Kb used=1218Kb max_used=1218Kb free=244541Kb
 bounds [0x00000001087a2000, 0x0000000108a12000, 0x00000001177a2000]
 total_blobs=338 nmethods=86 adapters=166
 compilation: enabled

Compilation events (10 events):
Event: 26.848 Thread 0x00007fe3cc047000   80       3       java.util.regex.Pattern$Node::study (21 bytes)
Event: 26.849 Thread 0x00007fe3cc047000 nmethod 80 0x00000001088d0bd0 code [0x00000001088d0d40, 0x00000001088d0fa8]
Event: 26.849 Thread 0x00007fe3cc047000   82       3       java.lang.StringBuilder::<init> (7 bytes)
Event: 26.849 Thread 0x00007fe3cc047000 nmethod 82 0x00000001088d1090 code [0x00000001088d1200, 0x00000001088d14b0]
Event: 26.849 Thread 0x00007fe3cc047000   83       1       java.lang.StringCoding$StringEncoder::requestedCharsetName (5 bytes)
Event: 26.849 Thread 0x00007fe3cc047000 nmethod 83 0x00000001088d1950 code [0x00000001088d1aa0, 0x00000001088d1bb0]
Event: 26.849 Thread 0x00007fe3cc047000   85       3       java.lang.ref.SoftReference::get (29 bytes)
Event: 26.850 Thread 0x00007fe3cc047000 nmethod 85 0x00000001088d1c10 code [0x00000001088d1d80, 0x00000001088d1f70]
Event: 26.850 Thread 0x00007fe3cc047000   86       3       java.io.UnixFileSystem::normalize (75 bytes)
Event: 26.850 Thread 0x00007fe3cc047000 nmethod 86 0x00000001088d1fd0 code [0x00000001088d21a0, 0x00000001088d27e8]

GC Heap History (0 events):
No events

Deoptimization events (0 events):
No events

Internal exceptions (6 events):
Event: 0.023 Thread 0x00007fe3cd001800 Exception <a 'java/lang/NoSuchMethodError': Method sun.misc.Unsafe.defineClass(Ljava/lang/String;[BII)Ljava/lang/Class; name or signature does not match> (0x000000076ab07cc0) thrown at [/Users/java_re/workspace/8-2-build-macosx-x86_64/jdk8u77/6540/hotspot
Event: 0.023 Thread 0x00007fe3cd001800 Exception <a 'java/lang/NoSuchMethodError': Method sun.misc.Unsafe.prefetchRead(Ljava/lang/Object;J)V name or signature does not match> (0x000000076ab07fa8) thrown at [/Users/java_re/workspace/8-2-build-macosx-x86_64/jdk8u77/6540/hotspot/src/share/vm/prim
Event: 0.085 Thread 0x00007fe3cd001800 Exception <a 'java/security/PrivilegedActionException'> (0x000000076aba0c58) thrown at [/Users/java_re/workspace/8-2-build-macosx-x86_64/jdk8u77/6540/hotspot/src/share/vm/prims/jvm.cpp, line 1386]
Event: 0.085 Thread 0x00007fe3cd001800 Exception <a 'java/security/PrivilegedActionException'> (0x000000076aba1050) thrown at [/Users/java_re/workspace/8-2-build-macosx-x86_64/jdk8u77/6540/hotspot/src/share/vm/prims/jvm.cpp, line 1386]
Event: 0.085 Thread 0x00007fe3cd001800 Exception <a 'java/security/PrivilegedActionException'> (0x000000076aba44d8) thrown at [/Users/java_re/workspace/8-2-build-macosx-x86_64/jdk8u77/6540/hotspot/src/share/vm/prims/jvm.cpp, line 1386]
Event: 0.085 Thread 0x00007fe3cd001800 Exception <a 'java/security/PrivilegedActionException'> (0x000000076aba48d0) thrown at [/Users/java_re/workspace/8-2-build-macosx-x86_64/jdk8u77/6540/hotspot/src/share/vm/prims/jvm.cpp, line 1386]

Events (10 events):
Event: 26.847 Executing VM operation: RevokeBias done
Event: 26.847 Thread 0x00007fe3cd01f800 Thread exited: 0x00007fe3cd01f800
Event: 26.848 Thread 0x00007fe3cd01f800 Thread added: 0x00007fe3cd01f800
Event: 26.848 Thread 0x00007fe3cd835000 Thread added: 0x00007fe3cd835000
Event: 26.848 Executing VM operation: RevokeBias
Event: 26.849 Executing VM operation: RevokeBias done
Event: 26.849 loading class InsertionSort
Event: 26.849 loading class InsertionSort done
Event: 26.849 loading class java/lang/ClassLoaderHelper
Event: 26.849 loading class java/lang/ClassLoaderHelper done


Dynamic libraries:
0x000000002b39d000 	/System/Library/Frameworks/Cocoa.framework/Versions/A/Cocoa
0x000000002b39d000 	/System/Library/Frameworks/Security.framework/Versions/A/Security
0x000000002b39d000 	/System/Library/Frameworks/ApplicationServices.framework/Versions/A/ApplicationServices
0x000000002b39d000 	/usr/lib/libz.1.dylib
0x000000002b39d000 	/usr/lib/libSystem.B.dylib
0x000000002b39d000 	/usr/lib/libobjc.A.dylib
0x000000002b39d000 	/System/Library/Frameworks/CoreFoundation.framework/Versions/A/CoreFoundation
0x000000002b39d000 	/System/Library/Frameworks/Foundation.framework/Versions/C/Foundation
0x000000002b39d000 	/System/Library/Frameworks/AppKit.framework/Versions/C/AppKit
0x000000002b39d000 	/System/Library/Frameworks/CoreData.framework/Versions/A/CoreData
0x000000002b39d000 	/System/Library/PrivateFrameworks/RemoteViewServices.framework/Versions/A/RemoteViewServices
0x000000002b39d000 	/System/Library/PrivateFrameworks/UIFoundation.framework/Versions/A/UIFoundation
0x000000002b39d000 	/System/Library/PrivateFrameworks/DFRFoundation.framework/Versions/A/DFRFoundation
0x000000002b39d000 	/usr/lib/libenergytrace.dylib
0x000000002b39d000 	/System/Library/PrivateFrameworks/SkyLight.framework/Versions/A/SkyLight
0x000000002b39d000 	/System/Library/Frameworks/CoreGraphics.framework/Versions/A/CoreGraphics
0x000000002b39d000 	/usr/lib/libScreenReader.dylib
0x000000002b39d000 	/System/Library/Frameworks/Accelerate.framework/Versions/A/Accelerate
0x000000002b39d000 	/System/Library/Frameworks/IOSurface.framework/Versions/A/IOSurface
0x000000002b39d000 	/System/Library/Frameworks/AudioToolbox.framework/Versions/A/AudioToolbox
0x000000002b39d000 	/System/Library/Frameworks/AudioUnit.framework/Versions/A/AudioUnit
0x000000002b39d000 	/System/Library/PrivateFrameworks/DataDetectorsCore.framework/Versions/A/DataDetectorsCore
0x000000002b39d000 	/System/Library/PrivateFrameworks/DesktopServicesPriv.framework/Versions/A/DesktopServicesPriv
0x000000002b39d000 	/System/Library/Frameworks/Carbon.framework/Versions/A/Frameworks/HIToolbox.framework/Versions/A/HIToolbox
0x000000002b39d000 	/usr/lib/libicucore.A.dylib
0x000000002b39d000 	/System/Library/Frameworks/QuartzCore.framework/Versions/A/QuartzCore
0x000000002b39d000 	/System/Library/Frameworks/Carbon.framework/Versions/A/Frameworks/SpeechRecognition.framework/Versions/A/SpeechRecognition
0x000000002b39d000 	/usr/lib/libauto.dylib
0x000000002b39d000 	/usr/lib/libxml2.2.dylib
0x000000002b39d000 	/System/Library/PrivateFrameworks/CoreUI.framework/Versions/A/CoreUI
0x000000002b39d000 	/System/Library/Frameworks/CoreAudio.framework/Versions/A/CoreAudio
0x000000002b39d000 	/System/Library/Frameworks/DiskArbitration.framework/Versions/A/DiskArbitration
0x000000002b39d000 	/usr/lib/liblangid.dylib
0x000000002b39d000 	/System/Library/PrivateFrameworks/MultitouchSupport.framework/Versions/A/MultitouchSupport
0x000000002b39d000 	/System/Library/Frameworks/IOKit.framework/Versions/A/IOKit
0x000000002b39d000 	/usr/lib/libDiagnosticMessagesClient.dylib
0x000000002b39d000 	/System/Library/Frameworks/CoreServices.framework/Versions/A/CoreServices
0x000000002b39d000 	/System/Library/PrivateFrameworks/PerformanceAnalysis.framework/Versions/A/PerformanceAnalysis
0x000000002b39d000 	/System/Library/PrivateFrameworks/GenerationalStorage.framework/Versions/A/GenerationalStorage
0x000000002b39d000 	/System/Library/Frameworks/OpenGL.framework/Versions/A/OpenGL
0x000000002b39d000 	/System/Library/Frameworks/CoreImage.framework/Versions/A/CoreImage
0x000000002b39d000 	/System/Library/Frameworks/CoreText.framework/Versions/A/CoreText
0x000000002b39d000 	/System/Library/Frameworks/ImageIO.framework/Versions/A/ImageIO
0x000000002b39d000 	/System/Library/PrivateFrameworks/Backup.framework/Versions/A/Backup
0x000000002b39d000 	/usr/lib/libarchive.2.dylib
0x000000002b39d000 	/System/Library/Frameworks/CFNetwork.framework/Versions/A/CFNetwork
0x000000002b39d000 	/System/Library/Frameworks/SystemConfiguration.framework/Versions/A/SystemConfiguration
0x000000002b39d000 	/usr/lib/libCRFSuite.dylib
0x000000002b39d000 	/usr/lib/libc++.1.dylib
0x000000002b39d000 	/usr/lib/libc++abi.dylib
0x000000002b39d000 	/usr/lib/system/libcache.dylib
0x000000002b39d000 	/usr/lib/system/libcommonCrypto.dylib
0x000000002b39d000 	/usr/lib/system/libcompiler_rt.dylib
0x000000002b39d000 	/usr/lib/system/libcopyfile.dylib
0x000000002b39d000 	/usr/lib/system/libcorecrypto.dylib
0x000000002b39d000 	/usr/lib/system/libdispatch.dylib
0x000000002b39d000 	/usr/lib/system/libdyld.dylib
0x000000002b39d000 	/usr/lib/system/libkeymgr.dylib
0x000000002b39d000 	/usr/lib/system/liblaunch.dylib
0x000000002b39d000 	/usr/lib/system/libmacho.dylib
0x000000002b39d000 	/usr/lib/system/libquarantine.dylib
0x000000002b39d000 	/usr/lib/system/libremovefile.dylib
0x000000002b39d000 	/usr/lib/system/libsystem_asl.dylib
0x000000002b39d000 	/usr/lib/system/libsystem_blocks.dylib
0x000000002b39d000 	/usr/lib/system/libsystem_c.dylib
0x000000002b39d000 	/usr/lib/system/libsystem_configuration.dylib
0x000000002b39d000 	/usr/lib/system/libsystem_coreservices.dylib
0x000000002b39d000 	/usr/lib/system/libsystem_coretls.dylib
0x000000002b39d000 	/usr/lib/system/libsystem_dnssd.dylib
0x000000002b39d000 	/usr/lib/system/libsystem_info.dylib
0x000000002b39d000 	/usr/lib/system/libsystem_kernel.dylib
0x000000002b39d000 	/usr/lib/system/libsystem_m.dylib
0x000000002b39d000 	/usr/lib/system/libsystem_malloc.dylib
0x000000002b39d000 	/usr/lib/system/libsystem_network.dylib
0x000000002b39d000 	/usr/lib/system/libsystem_networkextension.dylib
0x000000002b39d000 	/usr/lib/system/libsystem_notify.dylib
0x000000002b39d000 	/usr/lib/system/libsystem_platform.dylib
0x000000002b39d000 	/usr/lib/system/libsystem_pthread.dylib
0x000000002b39d000 	/usr/lib/system/libsystem_sandbox.dylib
0x000000002b39d000 	/usr/lib/system/libsystem_secinit.dylib
0x000000002b39d000 	/usr/lib/system/libsystem_symptoms.dylib
0x000000002b39d000 	/usr/lib/system/libsystem_trace.dylib
0x000000002b39d000 	/usr/lib/system/libunwind.dylib
0x000000002b39d000 	/usr/lib/system/libxpc.dylib
0x000000002b39d000 	/usr/lib/libbsm.0.dylib
0x000000002b39d000 	/usr/lib/system/libkxld.dylib
0x000000002b39d000 	/usr/lib/libcoretls.dylib
0x000000002b39d000 	/usr/lib/libcoretls_cfhelpers.dylib
0x000000002b39d000 	/usr/lib/libxar.1.dylib
0x000000002b39d000 	/usr/lib/libsqlite3.dylib
0x000000002b39d000 	/usr/lib/libpam.2.dylib
0x000000002b39d000 	/usr/lib/libOpenScriptingUtil.dylib
0x000000002b39d000 	/usr/lib/libbz2.1.0.dylib
0x000000002b39d000 	/usr/lib/liblzma.5.dylib
0x000000002b39d000 	/usr/lib/libnetwork.dylib
0x000000002b39d000 	/usr/lib/libpcap.A.dylib
0x000000002b39d000 	/System/Library/Frameworks/CoreServices.framework/Versions/A/Frameworks/FSEvents.framework/Versions/A/FSEvents
0x000000002b39d000 	/System/Library/Frameworks/CoreServices.framework/Versions/A/Frameworks/CarbonCore.framework/Versions/A/CarbonCore
0x000000002b39d000 	/System/Library/Frameworks/CoreServices.framework/Versions/A/Frameworks/Metadata.framework/Versions/A/Metadata
0x000000002b39d000 	/System/Library/Frameworks/CoreServices.framework/Versions/A/Frameworks/OSServices.framework/Versions/A/OSServices
0x000000002b39d000 	/System/Library/Frameworks/CoreServices.framework/Versions/A/Frameworks/SearchKit.framework/Versions/A/SearchKit
0x000000002b39d000 	/System/Library/Frameworks/CoreServices.framework/Versions/A/Frameworks/AE.framework/Versions/A/AE
0x000000002b39d000 	/System/Library/Frameworks/CoreServices.framework/Versions/A/Frameworks/LaunchServices.framework/Versions/A/LaunchServices
0x000000002b39d000 	/System/Library/Frameworks/CoreServices.framework/Versions/A/Frameworks/DictionaryServices.framework/Versions/A/DictionaryServices
0x000000002b39d000 	/System/Library/Frameworks/CoreServices.framework/Versions/A/Frameworks/SharedFileList.framework/Versions/A/SharedFileList
0x000000002b39d000 	/System/Library/Frameworks/NetFS.framework/Versions/A/NetFS
0x000000002b39d000 	/System/Library/PrivateFrameworks/NetAuth.framework/Versions/A/NetAuth
0x000000002b39d000 	/System/Library/PrivateFrameworks/login.framework/Versions/A/Frameworks/loginsupport.framework/Versions/A/loginsupport
0x000000002b39d000 	/System/Library/PrivateFrameworks/TCC.framework/Versions/A/TCC
0x000000002b39d000 	/usr/lib/libmecabra.dylib
0x000000002b39d000 	/System/Library/Frameworks/ApplicationServices.framework/Versions/A/Frameworks/ATS.framework/Versions/A/ATS
0x000000002b39d000 	/System/Library/Frameworks/ApplicationServices.framework/Versions/A/Frameworks/ColorSync.framework/Versions/A/ColorSync
0x000000002b39d000 	/System/Library/Frameworks/ApplicationServices.framework/Versions/A/Frameworks/HIServices.framework/Versions/A/HIServices
0x000000002b39d000 	/System/Library/Frameworks/ApplicationServices.framework/Versions/A/Frameworks/LangAnalysis.framework/Versions/A/LangAnalysis
0x000000002b39d000 	/System/Library/Frameworks/ApplicationServices.framework/Versions/A/Frameworks/PrintCore.framework/Versions/A/PrintCore
0x000000002b39d000 	/System/Library/Frameworks/ApplicationServices.framework/Versions/A/Frameworks/QD.framework/Versions/A/QD
0x000000002b39d000 	/System/Library/Frameworks/ApplicationServices.framework/Versions/A/Frameworks/SpeechSynthesis.framework/Versions/A/SpeechSynthesis
0x000000002b39d000 	/System/Library/Frameworks/Accelerate.framework/Versions/A/Frameworks/vImage.framework/Versions/A/vImage
0x000000002b39d000 	/System/Library/Frameworks/Accelerate.framework/Versions/A/Frameworks/vecLib.framework/Versions/A/vecLib
0x000000002b39d000 	/System/Library/Frameworks/Accelerate.framework/Versions/A/Frameworks/vecLib.framework/Versions/A/libvDSP.dylib
0x000000002b39d000 	/System/Library/Frameworks/Accelerate.framework/Versions/A/Frameworks/vecLib.framework/Versions/A/libBNNS.dylib
0x000000002b39d000 	/System/Library/Frameworks/Accelerate.framework/Versions/A/Frameworks/vecLib.framework/Versions/A/libQuadrature.dylib
0x000000002b39d000 	/System/Library/Frameworks/Accelerate.framework/Versions/A/Frameworks/vecLib.framework/Versions/A/libvMisc.dylib
0x000000002b39d000 	/System/Library/Frameworks/Accelerate.framework/Versions/A/Frameworks/vecLib.framework/Versions/A/libLAPACK.dylib
0x000000002b39d000 	/System/Library/Frameworks/Accelerate.framework/Versions/A/Frameworks/vecLib.framework/Versions/A/libBLAS.dylib
0x000000002b39d000 	/System/Library/Frameworks/Accelerate.framework/Versions/A/Frameworks/vecLib.framework/Versions/A/libLinearAlgebra.dylib
0x000000002b39d000 	/System/Library/Frameworks/Accelerate.framework/Versions/A/Frameworks/vecLib.framework/Versions/A/libSparseBLAS.dylib
0x000000002b39d000 	/System/Library/Frameworks/ApplicationServices.framework/Versions/A/Frameworks/ATS.framework/Versions/A/Resources/libFontParser.dylib
0x000000002b39d000 	/System/Library/Frameworks/ApplicationServices.framework/Versions/A/Frameworks/ATS.framework/Versions/A/Resources/libFontRegistry.dylib
0x000000002b39d000 	/System/Library/Frameworks/ImageIO.framework/Versions/A/Resources/libJPEG.dylib
0x000000002b39d000 	/System/Library/Frameworks/ImageIO.framework/Versions/A/Resources/libTIFF.dylib
0x000000002b39d000 	/System/Library/Frameworks/ImageIO.framework/Versions/A/Resources/libPng.dylib
0x000000002b39d000 	/System/Library/Frameworks/ImageIO.framework/Versions/A/Resources/libGIF.dylib
0x000000002b39d000 	/System/Library/Frameworks/ImageIO.framework/Versions/A/Resources/libJP2.dylib
0x000000002b39d000 	/System/Library/Frameworks/ImageIO.framework/Versions/A/Resources/libRadiance.dylib
0x000000002b39d000 	/usr/lib/libcompression.dylib
0x000000002b39d000 	/System/Library/PrivateFrameworks/AppleJPEG.framework/Versions/A/AppleJPEG
0x000000002b39d000 	/usr/lib/libcups.2.dylib
0x000000002b39d000 	/System/Library/Frameworks/Kerberos.framework/Versions/A/Kerberos
0x000000002b39d000 	/System/Library/Frameworks/GSS.framework/Versions/A/GSS
0x000000002b39d000 	/usr/lib/libresolv.9.dylib
0x000000002b39d000 	/usr/lib/libiconv.2.dylib
0x000000002b39d000 	/System/Library/PrivateFrameworks/Heimdal.framework/Versions/A/Heimdal
0x000000002b39d000 	/usr/lib/libheimdal-asn1.dylib
0x000000002b39d000 	/System/Library/Frameworks/OpenDirectory.framework/Versions/A/OpenDirectory
0x000000002b39d000 	/System/Library/PrivateFrameworks/CommonAuth.framework/Versions/A/CommonAuth
0x000000002b39d000 	/System/Library/Frameworks/OpenDirectory.framework/Versions/A/Frameworks/CFOpenDirectory.framework/Versions/A/CFOpenDirectory
0x000000002b39d000 	/System/Library/Frameworks/SecurityFoundation.framework/Versions/A/SecurityFoundation
0x000000002b39d000 	/System/Library/PrivateFrameworks/LanguageModeling.framework/Versions/A/LanguageModeling
0x000000002b39d000 	/usr/lib/libmarisa.dylib
0x000000002b39d000 	/usr/lib/libChineseTokenizer.dylib
0x000000002b39d000 	/usr/lib/libcmph.dylib
0x000000002b39d000 	/System/Library/PrivateFrameworks/CoreEmoji.framework/Versions/A/CoreEmoji
0x000000002b39d000 	/System/Library/Frameworks/ServiceManagement.framework/Versions/A/ServiceManagement
0x000000002b39d000 	/usr/lib/libxslt.1.dylib
0x000000002b39d000 	/System/Library/Frameworks/Carbon.framework/Versions/A/Frameworks/Ink.framework/Versions/A/Ink
0x000000002b39d000 	/System/Library/PrivateFrameworks/TextureIO.framework/Versions/A/TextureIO
0x000000002b39d000 	/System/Library/Frameworks/Metal.framework/Versions/A/Metal
0x000000002b39d000 	/usr/lib/libate.dylib
0x000000002b39d000 	/System/Library/PrivateFrameworks/GPUCompiler.framework/libmetal_timestamp.dylib
0x000000002b39d000 	/System/Library/Frameworks/OpenGL.framework/Versions/A/Libraries/libCoreFSCache.dylib
0x000000002b39d000 	/System/Library/PrivateFrameworks/IOAccelerator.framework/Versions/A/IOAccelerator
0x000000002b39d000 	/System/Library/Frameworks/CoreVideo.framework/Versions/A/CoreVideo
0x000000002b39d000 	/usr/lib/libFosl_dynamic.dylib
0x000000002b39d000 	/System/Library/PrivateFrameworks/MetalPerformanceShaders.framework/Versions/A/MetalPerformanceShaders
0x000000002b39d000 	/System/Library/PrivateFrameworks/FaceCore.framework/Versions/A/FaceCore
0x000000002b39d000 	/System/Library/Frameworks/OpenCL.framework/Versions/A/OpenCL
0x000000002b39d000 	/System/Library/Frameworks/OpenGL.framework/Versions/A/Libraries/libGLU.dylib
0x000000002b39d000 	/System/Library/Frameworks/OpenGL.framework/Versions/A/Libraries/libGFXShared.dylib
0x000000002b39d000 	/System/Library/Frameworks/OpenGL.framework/Versions/A/Libraries/libGL.dylib
0x000000002b39d000 	/System/Library/Frameworks/OpenGL.framework/Versions/A/Libraries/libGLImage.dylib
0x000000002b39d000 	/System/Library/Frameworks/OpenGL.framework/Versions/A/Libraries/libCVMSPluginSupport.dylib
0x000000002b39d000 	/System/Library/Frameworks/OpenGL.framework/Versions/A/Libraries/libCoreVMClient.dylib
0x000000002b39d000 	/System/Library/PrivateFrameworks/CrashReporterSupport.framework/Versions/A/CrashReporterSupport
0x000000002b39d000 	/System/Library/PrivateFrameworks/Sharing.framework/Versions/A/Sharing
0x000000002b39d000 	/System/Library/PrivateFrameworks/IconServices.framework/Versions/A/IconServices
0x000000002b39d000 	/System/Library/PrivateFrameworks/ProtocolBuffer.framework/Versions/A/ProtocolBuffer
0x000000002b39d000 	/System/Library/PrivateFrameworks/Apple80211.framework/Versions/A/Apple80211
0x000000002b39d000 	/System/Library/Frameworks/CoreWLAN.framework/Versions/A/CoreWLAN
0x000000002b39d000 	/System/Library/PrivateFrameworks/CoreUtils.framework/Versions/A/CoreUtils
0x000000002b39d000 	/System/Library/Frameworks/IOBluetooth.framework/Versions/A/IOBluetooth
0x000000002b39d000 	/System/Library/PrivateFrameworks/CoreWiFi.framework/Versions/A/CoreWiFi
0x000000002b39d000 	/System/Library/Frameworks/CoreBluetooth.framework/Versions/A/CoreBluetooth
0x000000002b39d000 	/System/Library/Frameworks/CoreDisplay.framework/Versions/A/CoreDisplay
0x000000002b39d000 	/System/Library/PrivateFrameworks/IOPresentment.framework/Versions/A/IOPresentment
0x000000002b39d000 	/System/Library/PrivateFrameworks/DebugSymbols.framework/Versions/A/DebugSymbols
0x000000002b39d000 	/System/Library/PrivateFrameworks/CoreSymbolication.framework/Versions/A/CoreSymbolication
0x000000002b39d000 	/System/Library/PrivateFrameworks/Symbolication.framework/Versions/A/Symbolication
0x000000002b39d000 	/System/Library/PrivateFrameworks/AppleFSCompression.framework/Versions/A/AppleFSCompression
0x000000002b39d000 	/System/Library/PrivateFrameworks/SpeechRecognitionCore.framework/Versions/A/SpeechRecognitionCore
0x000000002b39d000 	/System/Library/PrivateFrameworks/ChunkingLibrary.framework/Versions/A/ChunkingLibrary
0x0000000100e00000 	/Library/Java/JavaVirtualMachines/jdk1.8.0_77.jdk/Contents/Home/jre/lib/server/libjvm.dylib
0x000000002b39d000 	/usr/lib/libstdc++.6.dylib
0x0000000100570000 	/Library/Java/JavaVirtualMachines/jdk1.8.0_77.jdk/Contents/Home/jre/lib/libverify.dylib
0x000000010057e000 	/Library/Java/JavaVirtualMachines/jdk1.8.0_77.jdk/Contents/Home/jre/lib/libjava.dylib
0x00000001005bd000 	/Library/Java/JavaVirtualMachines/jdk1.8.0_77.jdk/Contents/Home/jre/lib/libzip.dylib
0x000000010519c000 	/System/Library/Frameworks/JavaVM.framework/Frameworks/JavaRuntimeSupport.framework/JavaRuntimeSupport
0x00000001051b6000 	/System/Library/Frameworks/JavaVM.framework/Versions/A/Frameworks/JavaNativeFoundation.framework/Versions/A/JavaNativeFoundation
0x00000001005ef000 	/System/Library/Frameworks/JavaVM.framework/Versions/A/JavaVM
0x000000002b39d000 	/System/Library/Frameworks/Carbon.framework/Versions/A/Carbon
0x00000001051cb000 	/System/Library/PrivateFrameworks/JavaLaunching.framework/Versions/A/JavaLaunching
0x000000002b39d000 	/System/Library/Frameworks/Carbon.framework/Versions/A/Frameworks/CommonPanels.framework/Versions/A/CommonPanels
0x000000002b39d000 	/System/Library/Frameworks/Carbon.framework/Versions/A/Frameworks/Help.framework/Versions/A/Help
0x000000002b39d000 	/System/Library/Frameworks/Carbon.framework/Versions/A/Frameworks/ImageCapture.framework/Versions/A/ImageCapture
0x000000002b39d000 	/System/Library/Frameworks/Carbon.framework/Versions/A/Frameworks/OpenScripting.framework/Versions/A/OpenScripting
0x000000002b39d000 	/System/Library/Frameworks/Carbon.framework/Versions/A/Frameworks/Print.framework/Versions/A/Print
0x000000002b39d000 	/System/Library/Frameworks/Carbon.framework/Versions/A/Frameworks/SecurityHI.framework/Versions/A/SecurityHI
0x0000000106ad9000 	/Library/Java/JavaVirtualMachines/jdk1.8.0_77.jdk/Contents/Home/jre/lib/libnet.dylib
0x0000000106b38000 	/Library/Java/JavaVirtualMachines/jdk1.8.0_77.jdk/Contents/Home/jre/lib/libnio.dylib
0x0000000105219000 	/Users/jm/code/FaultTolerantHeapSort/Sort/libInsertionSort.dylib

VM Arguments:
java_command: Driver
java_class_path (initial): .
Launcher Type: SUN_STANDARD

Environment Variables:
PATH=/usr/local/bin:/usr/bin:/bin:/usr/sbin:/sbin:/opt/X11/bin:/usr/local/go/bin:/Library/Frameworks/Mono.framework/Versions/Current/Commands
SHELL=/bin/bash
DISPLAY=/private/tmp/com.apple.launchd.BuadJDPoi5/org.macosforge.xquartz:0

Signal Handlers:
SIGSEGV: [libjvm.dylib+0x5a6855], sa_mask[0]=11111111011111110111111111111111, sa_flags=SA_ONSTACK|SA_RESTART|SA_SIGINFO
SIGBUS: [libjvm.dylib+0x5a6855], sa_mask[0]=11111111011111110111111111111111, sa_flags=SA_RESTART|SA_SIGINFO
SIGFPE: [libjvm.dylib+0x4804ec], sa_mask[0]=11111111011111110111111111111111, sa_flags=SA_RESTART|SA_SIGINFO
SIGPIPE: [libjvm.dylib+0x4804ec], sa_mask[0]=11111111011111110111111111111111, sa_flags=SA_RESTART|SA_SIGINFO
SIGXFSZ: [libjvm.dylib+0x4804ec], sa_mask[0]=11111111011111110111111111111111, sa_flags=SA_RESTART|SA_SIGINFO
SIGILL: [libjvm.dylib+0x4804ec], sa_mask[0]=11111111011111110111111111111111, sa_flags=SA_RESTART|SA_SIGINFO
SIGUSR1: SIG_DFL, sa_mask[0]=11011111011111100000000111000110, sa_flags=none
SIGUSR2: [libjvm.dylib+0x48000a], sa_mask[0]=00000000000000000000000000000000, sa_flags=SA_RESTART|SA_SIGINFO
SIGHUP: [libjvm.dylib+0x47e5e1], sa_mask[0]=11111111011111110111111111111111, sa_flags=SA_RESTART|SA_SIGINFO
SIGINT: [libjvm.dylib+0x47e5e1], sa_mask[0]=11111111011111110111111111111111, sa_flags=SA_RESTART|SA_SIGINFO
SIGTERM: [libjvm.dylib+0x47e5e1], sa_mask[0]=11111111011111110111111111111111, sa_flags=SA_RESTART|SA_SIGINFO
SIGQUIT: [libjvm.dylib+0x47e5e1], sa_mask[0]=11111111011111110111111111111111, sa_flags=SA_RESTART|SA_SIGINFO


---------------  S Y S T E M  ---------------

OS:Bsduname:Darwin 16.4.0 Darwin Kernel Version 16.4.0: Thu Dec 22 22:53:21 PST 2016; root:xnu-3789.41.3~3/RELEASE_X86_64 x86_64
rlimit: STACK 8192k, CORE 0k, NPROC 709, NOFILE 10240, AS infinity
load average:1.58 1.59 1.62

CPU:total 4 (2 cores per cpu, 2 threads per core) family 6 model 61 stepping 4, cmov, cx8, fxsr, mmx, sse, sse2, sse3, ssse3, sse4.1, sse4.2, popcnt, avx, avx2, aes, clmul, erms, 3dnowpref, lzcnt, ht, tsc, tscinvbit, bmi1, bmi2, adx

Memory: 4k page, physical 16777216k(2153156k free)

/proc/meminfo:


vm_info: Java HotSpot(TM) 64-Bit Server VM (25.77-b03) for bsd-amd64 JRE (1.8.0_77-b03), built on Mar 20 2016 22:14:03 by "java_re" with gcc 4.2.1 (Based on Apple Inc. build 5658) (LLVM build 2336.11.00)

time: Sat Mar  4 18:21:23 2017
elapsed time: 26 seconds (0d 0h 0m 26s)

