#
# A fatal error has been detected by the Java Runtime Environment:
#
#  SIGSEGV (0xb) at pc=0x00007fffd64914fc, pid=5744, tid=7171
#
# JRE version: Java(TM) SE Runtime Environment (8.0_77-b03) (build 1.8.0_77-b03)
# Java VM: Java HotSpot(TM) 64-Bit Server VM (25.77-b03 mixed mode bsd-amd64 compressed oops)
# Problematic frame:
# C  [libsystem_pthread.dylib+0x14fc]  pthread_mutex_lock+0x0
#
# Failed to write core dump. Core dumps have been disabled. To enable core dumping, try "ulimit -c unlimited" before starting Java again
#
# If you would like to submit a bug report, please visit:
#   http://bugreport.java.com/bugreport/crash.jsp
# The crash happened outside the Java Virtual Machine in native code.
# See problematic frame for where to report the bug.
#

---------------  T H R E A D  ---------------

Current thread (0x00007ff86c808800):  JavaThread "main" [_thread_in_native, id=7171, stack(0x0000700003c1e000,0x0000700003d1e000)]

siginfo: si_signo: 11 (SIGSEGV), si_code: 1 (SEGV_MAPERR), si_addr: 0x0000000000010018

Registers:
RAX=0x0000000000000000, RBX=0x000000011a185f80, RCX=0x0000700003d1d6e0, RDX=0x0000000000000003
RSP=0x0000700003d1d5f8, RBP=0x0000700003d1d620, RSI=0x00007fffdf0ac6b8, RDI=0x0000000000010018
R8 =0x0000700003d1d7f8, R9 =0x00007ff86c60d710, R10=0x000000000000002e, R11=0x00007fffd62efd45
R12=0x00007fffdf0ac6b8, R13=0x0000000118aa6410, R14=0x0000700003d1d6e0, R15=0x0000000000000003
RIP=0x00007fffd64914fc, EFLAGS=0x0000000000010206, ERR=0x0000000000000004
  TRAPNO=0x000000000000000e

Top of Stack: (sp=0x0000700003d1d5f8)
0x0000700003d1d5f8:   00007fffd62f7324 000000011a185f80
0x0000700003d1d608:   0000000000000000 0000000000000003
0x0000700003d1d618:   f3619a77af9400d6 0000700003d1d720
0x0000700003d1d628:   00007fffd62efdff 0000700003d1d650
0x0000700003d1d638:   0000000000000000 0000000000000002
0x0000700003d1d648:   0000000000000000 0000700003d1d7f8
0x0000700003d1d658:   00007ff86c60d710 0000000000000000
0x0000700003d1d668:   00000007c0000f28 000000010d47a000
0x0000700003d1d678:   ff80000000001000 0000000118aaffff
0x0000700003d1d688:   0000000000000000 0000000000000000
0x0000700003d1d698:   0000000118aa6410 00007fffdf0bf000
0x0000700003d1d6a8:   0000000000000020 0000700003d1d6e0
0x0000700003d1d6b8:   00007fffd63fe2da 0000000000000020
0x0000700003d1d6c8:   0000700003d1d758 00007ff86c60d710
0x0000700003d1d6d8:   0000700003d1d7f8 0000003000000010
0x0000700003d1d6e8:   0000700003d1d730 0000700003d1d630
0x0000700003d1d6f8:   0000000000000002 f3619a77af9400d6
0x0000700003d1d708:   0000000118aa6410 0000700003d1d8c0
0x0000700003d1d718:   00007ff86c808800 0000700003d1d760
0x0000700003d1d728:   000000011a185e8d 00007ff86c60d710
0x0000700003d1d738:   000000076ab764a8 0000700003d1d7f8
0x0000700003d1d748:   000000020e11cbc0 0000000800000003
0x0000700003d1d758:   00007ff86c60d710 0000700003d1d7a0
0x0000700003d1d768:   000000011a185e01 0000700003d1d7a0
0x0000700003d1d778:   010000010e11ba29 0000000300000003
0x0000700003d1d788:   0000700003d1d7f8 0000000803d1d8c0
0x0000700003d1d798:   00007ff86c60d710 0000700003d1d830
0x0000700003d1d7a8:   000000011a185c60 0000700003d1d820
0x0000700003d1d7b8:   000000010e0e31e7 00007ff86c808800
0x0000700003d1d7c8:   000000010e11ca71 00007ff86c808800
0x0000700003d1d7d8:   0000000118aa6410 00007ff86c808800
0x0000700003d1d7e8:   0000000118aa6410 0000700003d1d7f8 

Instructions: (pc=0x00007fffd64914fc)
0x00007fffd64914dc:   89 df e8 7f 6e 00 00 48 85 c0 0f 95 c0 0f b6 c0
0x00007fffd64914ec:   89 05 d2 97 c3 08 48 83 c4 08 5b 5d c3 90 90 90
0x00007fffd64914fc:   48 81 3f 5a 54 55 4d 75 58 4c 8d 47 1f 49 83 e0
0x00007fffd649150c:   f8 65 48 8b 04 25 00 00 00 00 4c 8b 88 d8 00 00 

Register to memory mapping:

RAX=0x0000000000000000 is an unknown value
RBX=0x000000011a185f80: save_count+0xa0 in /Users/jm/code/FaultTolerantHeapSort/Sort/libInsertionSort.dylib at 0x000000011a185000
RCX=0x0000700003d1d6e0 is pointing into the stack for thread: 0x00007ff86c808800
RDX=0x0000000000000003 is an unknown value
RSP=0x0000700003d1d5f8 is pointing into the stack for thread: 0x00007ff86c808800
RBP=0x0000700003d1d620 is pointing into the stack for thread: 0x00007ff86c808800
RSI=0x00007fffdf0ac6b8: __global_locale+0 in /usr/lib/system/libsystem_c.dylib at 0x00007fffd62b1000
RDI=0x0000000000010018 is an unknown value
R8 =0x0000700003d1d7f8 is pointing into the stack for thread: 0x00007ff86c808800
R9 =0x00007ff86c60d710 is an unknown value
R10=0x000000000000002e is an unknown value
R11=0x00007fffd62efd45: fprintf+0 in /usr/lib/system/libsystem_c.dylib at 0x00007fffd62b1000
R12=0x00007fffdf0ac6b8: __global_locale+0 in /usr/lib/system/libsystem_c.dylib at 0x00007fffd62b1000
R13={method} {0x0000000118aa6410} 'runInsertionSort' '([I)[I' in 'InsertionSort'
R14=0x0000700003d1d6e0 is pointing into the stack for thread: 0x00007ff86c808800
R15=0x0000000000000003 is an unknown value


Stack: [0x0000700003c1e000,0x0000700003d1e000],  sp=0x0000700003d1d5f8,  free space=1021k
Native frames: (J=compiled Java code, j=interpreted, Vv=VM code, C=native code)
C  [libsystem_pthread.dylib+0x14fc]  pthread_mutex_lock+0x0
C  [libsystem_c.dylib+0x3edff]  fprintf+0xba
C  [libInsertionSort.dylib+0xe8d]  swap+0x5d
C  [libInsertionSort.dylib+0xe01]  insertion_sort+0xa1
C  [libInsertionSort.dylib+0xc60]  Java_InsertionSort_runInsertionSort+0xa0
j  InsertionSort.runInsertionSort([I)[I+0
j  InsertionSort.main([Ljava/lang/String;)V+51
v  ~StubRoutines::call_stub
V  [libjvm.dylib+0x2ea39e]  JavaCalls::call_helper(JavaValue*, methodHandle*, JavaCallArguments*, Thread*)+0x6ae
V  [libjvm.dylib+0x321110]  jni_invoke_static(JNIEnv_*, JavaValue*, _jobject*, JNICallType, _jmethodID*, JNI_ArgumentPusher*, Thread*)+0x1bf
V  [libjvm.dylib+0x319e8a]  jni_CallStaticVoidMethod+0x15d
C  [java+0x393e]  JavaMain+0x9b1
C  [libsystem_pthread.dylib+0x3aab]  _pthread_body+0xb4
C  [libsystem_pthread.dylib+0x39f7]  _pthread_body+0x0
C  [libsystem_pthread.dylib+0x31fd]  thread_start+0xd
C  0x0000000000000000

Java frames: (J=compiled Java code, j=interpreted, Vv=VM code)
j  InsertionSort.runInsertionSort([I)[I+0
j  InsertionSort.main([Ljava/lang/String;)V+51
v  ~StubRoutines::call_stub

---------------  P R O C E S S  ---------------

Java Threads: ( => current thread )
  0x00007ff86e034800 JavaThread "Service Thread" daemon [_thread_blocked, id=18691, stack(0x0000700004842000,0x0000700004942000)]
  0x00007ff86e029800 JavaThread "C1 CompilerThread2" daemon [_thread_blocked, id=18179, stack(0x000070000473f000,0x000070000483f000)]
  0x00007ff86e028800 JavaThread "C2 CompilerThread1" daemon [_thread_blocked, id=17667, stack(0x000070000463c000,0x000070000473c000)]
  0x00007ff86d811000 JavaThread "C2 CompilerThread0" daemon [_thread_blocked, id=17155, stack(0x0000700004539000,0x0000700004639000)]
  0x00007ff86d810800 JavaThread "Signal Dispatcher" daemon [_thread_blocked, id=16643, stack(0x0000700004436000,0x0000700004536000)]
  0x00007ff86d008800 JavaThread "Finalizer" daemon [_thread_blocked, id=12547, stack(0x0000700004333000,0x0000700004433000)]
  0x00007ff86d006000 JavaThread "Reference Handler" daemon [_thread_blocked, id=12035, stack(0x0000700004230000,0x0000700004330000)]
=>0x00007ff86c808800 JavaThread "main" [_thread_in_native, id=7171, stack(0x0000700003c1e000,0x0000700003d1e000)]

Other Threads:
  0x00007ff86d834000 VMThread [stack: 0x000070000412d000,0x000070000422d000] [id=11523]
  0x00007ff86c81f800 WatcherThread [stack: 0x0000700004945000,0x0000700004a45000] [id=19203]

VM state:not at safepoint (normal execution)

VM Mutex/Monitor currently owned by a thread: None

Heap:
 PSYoungGen      total 76288K, used 1310K [0x000000076ab00000, 0x0000000770000000, 0x00000007c0000000)
  eden space 65536K, 2% used [0x000000076ab00000,0x000000076ac47af0,0x000000076eb00000)
  from space 10752K, 0% used [0x000000076f580000,0x000000076f580000,0x0000000770000000)
  to   space 10752K, 0% used [0x000000076eb00000,0x000000076eb00000,0x000000076f580000)
 ParOldGen       total 175104K, used 0K [0x00000006c0000000, 0x00000006cab00000, 0x000000076ab00000)
  object space 175104K, 0% used [0x00000006c0000000,0x00000006c0000000,0x00000006cab00000)
 Metaspace       used 2613K, capacity 4486K, committed 4864K, reserved 1056768K
  class space    used 285K, capacity 386K, committed 512K, reserved 1048576K

Card table byte_map: [0x000000010f14f000,0x000000010f950000] byte_map_base: 0x000000010bb4f000

Marking Bits: (ParMarkBitMap*) 0x000000010e6e3ea0
 Begin Bits: [0x000000010fea6000, 0x0000000113ea6000)
 End Bits:   [0x0000000113ea6000, 0x0000000117ea6000)

Polling page: 0x000000010d51e000

CodeCache: size=245760Kb used=1080Kb max_used=1080Kb free=244679Kb
 bounds [0x000000011cdf0000, 0x000000011d060000, 0x000000012bdf0000]
 total_blobs=247 nmethods=17 adapters=145
 compilation: enabled

Compilation events (10 events):
Event: 0.109 Thread 0x00007ff86e029800   13       1       java.lang.ref.Reference::get (5 bytes)
Event: 0.109 Thread 0x00007ff86e029800 nmethod 13 0x000000011cefd010 code [0x000000011cefd160, 0x000000011cefd270]
Event: 0.112 Thread 0x00007ff86e029800   14       3       java.lang.String::indexOf (7 bytes)
Event: 0.112 Thread 0x00007ff86e029800 nmethod 14 0x000000011cefd2d0 code [0x000000011cefd440, 0x000000011cefd648]
Event: 0.113 Thread 0x00007ff86e029800   15       1       java.lang.ThreadLocal::access$400 (5 bytes)
Event: 0.113 Thread 0x00007ff86e029800 nmethod 15 0x000000011cefd6d0 code [0x000000011cefd820, 0x000000011cefd910]
Event: 0.113 Thread 0x00007ff86e029800   16       3       java.lang.String::lastIndexOf (52 bytes)
Event: 0.114 Thread 0x00007ff86e029800 nmethod 16 0x000000011cefd990 code [0x000000011cefdb20, 0x000000011cefdea8]
Event: 0.114 Thread 0x00007ff86e029800   17       3       java.lang.System::getSecurityManager (4 bytes)
Event: 0.114 Thread 0x00007ff86e029800 nmethod 17 0x000000011cefe010 code [0x000000011cefe160, 0x000000011cefe2b0]

GC Heap History (0 events):
No events

Deoptimization events (0 events):
No events

Internal exceptions (2 events):
Event: 0.038 Thread 0x00007ff86c808800 Exception <a 'java/lang/NoSuchMethodError': Method sun.misc.Unsafe.defineClass(Ljava/lang/String;[BII)Ljava/lang/Class; name or signature does not match> (0x000000076ab07cc0) thrown at [/Users/java_re/workspace/8-2-build-macosx-x86_64/jdk8u77/6540/hotspot
Event: 0.038 Thread 0x00007ff86c808800 Exception <a 'java/lang/NoSuchMethodError': Method sun.misc.Unsafe.prefetchRead(Ljava/lang/Object;J)V name or signature does not match> (0x000000076ab07fa8) thrown at [/Users/java_re/workspace/8-2-build-macosx-x86_64/jdk8u77/6540/hotspot/src/share/vm/prim

Events (10 events):
Event: 0.111 loading class java/security/BasicPermissionCollection
Event: 0.111 loading class java/security/BasicPermissionCollection done
Event: 0.112 loading class sun/launcher/LauncherHelper$FXHelper
Event: 0.112 loading class sun/launcher/LauncherHelper$FXHelper done
Event: 0.112 loading class java/lang/Class$MethodArray
Event: 0.112 loading class java/lang/Class$MethodArray done
Event: 0.113 loading class java/lang/Void
Event: 0.113 loading class java/lang/Void done
Event: 0.113 loading class java/lang/ClassLoaderHelper
Event: 0.113 loading class java/lang/ClassLoaderHelper done


Dynamic libraries:
0x000000004b973000 	/System/Library/Frameworks/Cocoa.framework/Versions/A/Cocoa
0x000000004b973000 	/System/Library/Frameworks/Security.framework/Versions/A/Security
0x000000004b973000 	/System/Library/Frameworks/ApplicationServices.framework/Versions/A/ApplicationServices
0x000000004b973000 	/usr/lib/libz.1.dylib
0x000000004b973000 	/usr/lib/libSystem.B.dylib
0x000000004b973000 	/usr/lib/libobjc.A.dylib
0x000000004b973000 	/System/Library/Frameworks/CoreFoundation.framework/Versions/A/CoreFoundation
0x000000004b973000 	/System/Library/Frameworks/Foundation.framework/Versions/C/Foundation
0x000000004b973000 	/System/Library/Frameworks/AppKit.framework/Versions/C/AppKit
0x000000004b973000 	/System/Library/Frameworks/CoreData.framework/Versions/A/CoreData
0x000000004b973000 	/System/Library/PrivateFrameworks/RemoteViewServices.framework/Versions/A/RemoteViewServices
0x000000004b973000 	/System/Library/PrivateFrameworks/UIFoundation.framework/Versions/A/UIFoundation
0x000000004b973000 	/System/Library/PrivateFrameworks/DFRFoundation.framework/Versions/A/DFRFoundation
0x000000004b973000 	/usr/lib/libenergytrace.dylib
0x000000004b973000 	/System/Library/PrivateFrameworks/SkyLight.framework/Versions/A/SkyLight
0x000000004b973000 	/System/Library/Frameworks/CoreGraphics.framework/Versions/A/CoreGraphics
0x000000004b973000 	/usr/lib/libScreenReader.dylib
0x000000004b973000 	/System/Library/Frameworks/Accelerate.framework/Versions/A/Accelerate
0x000000004b973000 	/System/Library/Frameworks/IOSurface.framework/Versions/A/IOSurface
0x000000004b973000 	/System/Library/Frameworks/AudioToolbox.framework/Versions/A/AudioToolbox
0x000000004b973000 	/System/Library/Frameworks/AudioUnit.framework/Versions/A/AudioUnit
0x000000004b973000 	/System/Library/PrivateFrameworks/DataDetectorsCore.framework/Versions/A/DataDetectorsCore
0x000000004b973000 	/System/Library/PrivateFrameworks/DesktopServicesPriv.framework/Versions/A/DesktopServicesPriv
0x000000004b973000 	/System/Library/Frameworks/Carbon.framework/Versions/A/Frameworks/HIToolbox.framework/Versions/A/HIToolbox
0x000000004b973000 	/usr/lib/libicucore.A.dylib
0x000000004b973000 	/System/Library/Frameworks/QuartzCore.framework/Versions/A/QuartzCore
0x000000004b973000 	/System/Library/Frameworks/Carbon.framework/Versions/A/Frameworks/SpeechRecognition.framework/Versions/A/SpeechRecognition
0x000000004b973000 	/usr/lib/libauto.dylib
0x000000004b973000 	/usr/lib/libxml2.2.dylib
0x000000004b973000 	/System/Library/PrivateFrameworks/CoreUI.framework/Versions/A/CoreUI
0x000000004b973000 	/System/Library/Frameworks/CoreAudio.framework/Versions/A/CoreAudio
0x000000004b973000 	/System/Library/Frameworks/DiskArbitration.framework/Versions/A/DiskArbitration
0x000000004b973000 	/usr/lib/liblangid.dylib
0x000000004b973000 	/System/Library/PrivateFrameworks/MultitouchSupport.framework/Versions/A/MultitouchSupport
0x000000004b973000 	/System/Library/Frameworks/IOKit.framework/Versions/A/IOKit
0x000000004b973000 	/usr/lib/libDiagnosticMessagesClient.dylib
0x000000004b973000 	/System/Library/Frameworks/CoreServices.framework/Versions/A/CoreServices
0x000000004b973000 	/System/Library/PrivateFrameworks/PerformanceAnalysis.framework/Versions/A/PerformanceAnalysis
0x000000004b973000 	/System/Library/PrivateFrameworks/GenerationalStorage.framework/Versions/A/GenerationalStorage
0x000000004b973000 	/System/Library/Frameworks/OpenGL.framework/Versions/A/OpenGL
0x000000004b973000 	/System/Library/Frameworks/CoreImage.framework/Versions/A/CoreImage
0x000000004b973000 	/System/Library/Frameworks/CoreText.framework/Versions/A/CoreText
0x000000004b973000 	/System/Library/Frameworks/ImageIO.framework/Versions/A/ImageIO
0x000000004b973000 	/System/Library/PrivateFrameworks/Backup.framework/Versions/A/Backup
0x000000004b973000 	/usr/lib/libarchive.2.dylib
0x000000004b973000 	/System/Library/Frameworks/CFNetwork.framework/Versions/A/CFNetwork
0x000000004b973000 	/System/Library/Frameworks/SystemConfiguration.framework/Versions/A/SystemConfiguration
0x000000004b973000 	/usr/lib/libCRFSuite.dylib
0x000000004b973000 	/usr/lib/libc++.1.dylib
0x000000004b973000 	/usr/lib/libc++abi.dylib
0x000000004b973000 	/usr/lib/system/libcache.dylib
0x000000004b973000 	/usr/lib/system/libcommonCrypto.dylib
0x000000004b973000 	/usr/lib/system/libcompiler_rt.dylib
0x000000004b973000 	/usr/lib/system/libcopyfile.dylib
0x000000004b973000 	/usr/lib/system/libcorecrypto.dylib
0x000000004b973000 	/usr/lib/system/libdispatch.dylib
0x000000004b973000 	/usr/lib/system/libdyld.dylib
0x000000004b973000 	/usr/lib/system/libkeymgr.dylib
0x000000004b973000 	/usr/lib/system/liblaunch.dylib
0x000000004b973000 	/usr/lib/system/libmacho.dylib
0x000000004b973000 	/usr/lib/system/libquarantine.dylib
0x000000004b973000 	/usr/lib/system/libremovefile.dylib
0x000000004b973000 	/usr/lib/system/libsystem_asl.dylib
0x000000004b973000 	/usr/lib/system/libsystem_blocks.dylib
0x000000004b973000 	/usr/lib/system/libsystem_c.dylib
0x000000004b973000 	/usr/lib/system/libsystem_configuration.dylib
0x000000004b973000 	/usr/lib/system/libsystem_coreservices.dylib
0x000000004b973000 	/usr/lib/system/libsystem_coretls.dylib
0x000000004b973000 	/usr/lib/system/libsystem_dnssd.dylib
0x000000004b973000 	/usr/lib/system/libsystem_info.dylib
0x000000004b973000 	/usr/lib/system/libsystem_kernel.dylib
0x000000004b973000 	/usr/lib/system/libsystem_m.dylib
0x000000004b973000 	/usr/lib/system/libsystem_malloc.dylib
0x000000004b973000 	/usr/lib/system/libsystem_network.dylib
0x000000004b973000 	/usr/lib/system/libsystem_networkextension.dylib
0x000000004b973000 	/usr/lib/system/libsystem_notify.dylib
0x000000004b973000 	/usr/lib/system/libsystem_platform.dylib
0x000000004b973000 	/usr/lib/system/libsystem_pthread.dylib
0x000000004b973000 	/usr/lib/system/libsystem_sandbox.dylib
0x000000004b973000 	/usr/lib/system/libsystem_secinit.dylib
0x000000004b973000 	/usr/lib/system/libsystem_symptoms.dylib
0x000000004b973000 	/usr/lib/system/libsystem_trace.dylib
0x000000004b973000 	/usr/lib/system/libunwind.dylib
0x000000004b973000 	/usr/lib/system/libxpc.dylib
0x000000004b973000 	/usr/lib/libbsm.0.dylib
0x000000004b973000 	/usr/lib/system/libkxld.dylib
0x000000004b973000 	/usr/lib/libcoretls.dylib
0x000000004b973000 	/usr/lib/libcoretls_cfhelpers.dylib
0x000000004b973000 	/usr/lib/libxar.1.dylib
0x000000004b973000 	/usr/lib/libsqlite3.dylib
0x000000004b973000 	/usr/lib/libpam.2.dylib
0x000000004b973000 	/usr/lib/libOpenScriptingUtil.dylib
0x000000004b973000 	/usr/lib/libbz2.1.0.dylib
0x000000004b973000 	/usr/lib/liblzma.5.dylib
0x000000004b973000 	/usr/lib/libnetwork.dylib
0x000000004b973000 	/usr/lib/libpcap.A.dylib
0x000000004b973000 	/System/Library/Frameworks/CoreServices.framework/Versions/A/Frameworks/FSEvents.framework/Versions/A/FSEvents
0x000000004b973000 	/System/Library/Frameworks/CoreServices.framework/Versions/A/Frameworks/CarbonCore.framework/Versions/A/CarbonCore
0x000000004b973000 	/System/Library/Frameworks/CoreServices.framework/Versions/A/Frameworks/Metadata.framework/Versions/A/Metadata
0x000000004b973000 	/System/Library/Frameworks/CoreServices.framework/Versions/A/Frameworks/OSServices.framework/Versions/A/OSServices
0x000000004b973000 	/System/Library/Frameworks/CoreServices.framework/Versions/A/Frameworks/SearchKit.framework/Versions/A/SearchKit
0x000000004b973000 	/System/Library/Frameworks/CoreServices.framework/Versions/A/Frameworks/AE.framework/Versions/A/AE
0x000000004b973000 	/System/Library/Frameworks/CoreServices.framework/Versions/A/Frameworks/LaunchServices.framework/Versions/A/LaunchServices
0x000000004b973000 	/System/Library/Frameworks/CoreServices.framework/Versions/A/Frameworks/DictionaryServices.framework/Versions/A/DictionaryServices
0x000000004b973000 	/System/Library/Frameworks/CoreServices.framework/Versions/A/Frameworks/SharedFileList.framework/Versions/A/SharedFileList
0x000000004b973000 	/System/Library/Frameworks/NetFS.framework/Versions/A/NetFS
0x000000004b973000 	/System/Library/PrivateFrameworks/NetAuth.framework/Versions/A/NetAuth
0x000000004b973000 	/System/Library/PrivateFrameworks/login.framework/Versions/A/Frameworks/loginsupport.framework/Versions/A/loginsupport
0x000000004b973000 	/System/Library/PrivateFrameworks/TCC.framework/Versions/A/TCC
0x000000004b973000 	/usr/lib/libmecabra.dylib
0x000000004b973000 	/System/Library/Frameworks/ApplicationServices.framework/Versions/A/Frameworks/ATS.framework/Versions/A/ATS
0x000000004b973000 	/System/Library/Frameworks/ApplicationServices.framework/Versions/A/Frameworks/ColorSync.framework/Versions/A/ColorSync
0x000000004b973000 	/System/Library/Frameworks/ApplicationServices.framework/Versions/A/Frameworks/HIServices.framework/Versions/A/HIServices
0x000000004b973000 	/System/Library/Frameworks/ApplicationServices.framework/Versions/A/Frameworks/LangAnalysis.framework/Versions/A/LangAnalysis
0x000000004b973000 	/System/Library/Frameworks/ApplicationServices.framework/Versions/A/Frameworks/PrintCore.framework/Versions/A/PrintCore
0x000000004b973000 	/System/Library/Frameworks/ApplicationServices.framework/Versions/A/Frameworks/QD.framework/Versions/A/QD
0x000000004b973000 	/System/Library/Frameworks/ApplicationServices.framework/Versions/A/Frameworks/SpeechSynthesis.framework/Versions/A/SpeechSynthesis
0x000000004b973000 	/System/Library/Frameworks/Accelerate.framework/Versions/A/Frameworks/vImage.framework/Versions/A/vImage
0x000000004b973000 	/System/Library/Frameworks/Accelerate.framework/Versions/A/Frameworks/vecLib.framework/Versions/A/vecLib
0x000000004b973000 	/System/Library/Frameworks/Accelerate.framework/Versions/A/Frameworks/vecLib.framework/Versions/A/libvDSP.dylib
0x000000004b973000 	/System/Library/Frameworks/Accelerate.framework/Versions/A/Frameworks/vecLib.framework/Versions/A/libBNNS.dylib
0x000000004b973000 	/System/Library/Frameworks/Accelerate.framework/Versions/A/Frameworks/vecLib.framework/Versions/A/libQuadrature.dylib
0x000000004b973000 	/System/Library/Frameworks/Accelerate.framework/Versions/A/Frameworks/vecLib.framework/Versions/A/libvMisc.dylib
0x000000004b973000 	/System/Library/Frameworks/Accelerate.framework/Versions/A/Frameworks/vecLib.framework/Versions/A/libLAPACK.dylib
0x000000004b973000 	/System/Library/Frameworks/Accelerate.framework/Versions/A/Frameworks/vecLib.framework/Versions/A/libBLAS.dylib
0x000000004b973000 	/System/Library/Frameworks/Accelerate.framework/Versions/A/Frameworks/vecLib.framework/Versions/A/libLinearAlgebra.dylib
0x000000004b973000 	/System/Library/Frameworks/Accelerate.framework/Versions/A/Frameworks/vecLib.framework/Versions/A/libSparseBLAS.dylib
0x000000004b973000 	/System/Library/Frameworks/ApplicationServices.framework/Versions/A/Frameworks/ATS.framework/Versions/A/Resources/libFontParser.dylib
0x000000004b973000 	/System/Library/Frameworks/ApplicationServices.framework/Versions/A/Frameworks/ATS.framework/Versions/A/Resources/libFontRegistry.dylib
0x000000004b973000 	/System/Library/Frameworks/ImageIO.framework/Versions/A/Resources/libJPEG.dylib
0x000000004b973000 	/System/Library/Frameworks/ImageIO.framework/Versions/A/Resources/libTIFF.dylib
0x000000004b973000 	/System/Library/Frameworks/ImageIO.framework/Versions/A/Resources/libPng.dylib
0x000000004b973000 	/System/Library/Frameworks/ImageIO.framework/Versions/A/Resources/libGIF.dylib
0x000000004b973000 	/System/Library/Frameworks/ImageIO.framework/Versions/A/Resources/libJP2.dylib
0x000000004b973000 	/System/Library/Frameworks/ImageIO.framework/Versions/A/Resources/libRadiance.dylib
0x000000004b973000 	/usr/lib/libcompression.dylib
0x000000004b973000 	/System/Library/PrivateFrameworks/AppleJPEG.framework/Versions/A/AppleJPEG
0x000000004b973000 	/usr/lib/libcups.2.dylib
0x000000004b973000 	/System/Library/Frameworks/Kerberos.framework/Versions/A/Kerberos
0x000000004b973000 	/System/Library/Frameworks/GSS.framework/Versions/A/GSS
0x000000004b973000 	/usr/lib/libresolv.9.dylib
0x000000004b973000 	/usr/lib/libiconv.2.dylib
0x000000004b973000 	/System/Library/PrivateFrameworks/Heimdal.framework/Versions/A/Heimdal
0x000000004b973000 	/usr/lib/libheimdal-asn1.dylib
0x000000004b973000 	/System/Library/Frameworks/OpenDirectory.framework/Versions/A/OpenDirectory
0x000000004b973000 	/System/Library/PrivateFrameworks/CommonAuth.framework/Versions/A/CommonAuth
0x000000004b973000 	/System/Library/Frameworks/OpenDirectory.framework/Versions/A/Frameworks/CFOpenDirectory.framework/Versions/A/CFOpenDirectory
0x000000004b973000 	/System/Library/Frameworks/SecurityFoundation.framework/Versions/A/SecurityFoundation
0x000000004b973000 	/System/Library/PrivateFrameworks/LanguageModeling.framework/Versions/A/LanguageModeling
0x000000004b973000 	/usr/lib/libmarisa.dylib
0x000000004b973000 	/usr/lib/libChineseTokenizer.dylib
0x000000004b973000 	/usr/lib/libcmph.dylib
0x000000004b973000 	/System/Library/PrivateFrameworks/CoreEmoji.framework/Versions/A/CoreEmoji
0x000000004b973000 	/System/Library/Frameworks/ServiceManagement.framework/Versions/A/ServiceManagement
0x000000004b973000 	/usr/lib/libxslt.1.dylib
0x000000004b973000 	/System/Library/Frameworks/Carbon.framework/Versions/A/Frameworks/Ink.framework/Versions/A/Ink
0x000000004b973000 	/System/Library/PrivateFrameworks/TextureIO.framework/Versions/A/TextureIO
0x000000004b973000 	/System/Library/Frameworks/Metal.framework/Versions/A/Metal
0x000000004b973000 	/usr/lib/libate.dylib
0x000000004b973000 	/System/Library/PrivateFrameworks/GPUCompiler.framework/libmetal_timestamp.dylib
0x000000004b973000 	/System/Library/Frameworks/OpenGL.framework/Versions/A/Libraries/libCoreFSCache.dylib
0x000000004b973000 	/System/Library/PrivateFrameworks/IOAccelerator.framework/Versions/A/IOAccelerator
0x000000004b973000 	/System/Library/Frameworks/CoreVideo.framework/Versions/A/CoreVideo
0x000000004b973000 	/usr/lib/libFosl_dynamic.dylib
0x000000004b973000 	/System/Library/PrivateFrameworks/MetalPerformanceShaders.framework/Versions/A/MetalPerformanceShaders
0x000000004b973000 	/System/Library/PrivateFrameworks/FaceCore.framework/Versions/A/FaceCore
0x000000004b973000 	/System/Library/Frameworks/OpenCL.framework/Versions/A/OpenCL
0x000000004b973000 	/System/Library/Frameworks/OpenGL.framework/Versions/A/Libraries/libGLU.dylib
0x000000004b973000 	/System/Library/Frameworks/OpenGL.framework/Versions/A/Libraries/libGFXShared.dylib
0x000000004b973000 	/System/Library/Frameworks/OpenGL.framework/Versions/A/Libraries/libGL.dylib
0x000000004b973000 	/System/Library/Frameworks/OpenGL.framework/Versions/A/Libraries/libGLImage.dylib
0x000000004b973000 	/System/Library/Frameworks/OpenGL.framework/Versions/A/Libraries/libCVMSPluginSupport.dylib
0x000000004b973000 	/System/Library/Frameworks/OpenGL.framework/Versions/A/Libraries/libCoreVMClient.dylib
0x000000004b973000 	/System/Library/PrivateFrameworks/CrashReporterSupport.framework/Versions/A/CrashReporterSupport
0x000000004b973000 	/System/Library/PrivateFrameworks/Sharing.framework/Versions/A/Sharing
0x000000004b973000 	/System/Library/PrivateFrameworks/IconServices.framework/Versions/A/IconServices
0x000000004b973000 	/System/Library/PrivateFrameworks/ProtocolBuffer.framework/Versions/A/ProtocolBuffer
0x000000004b973000 	/System/Library/PrivateFrameworks/Apple80211.framework/Versions/A/Apple80211
0x000000004b973000 	/System/Library/Frameworks/CoreWLAN.framework/Versions/A/CoreWLAN
0x000000004b973000 	/System/Library/PrivateFrameworks/CoreUtils.framework/Versions/A/CoreUtils
0x000000004b973000 	/System/Library/Frameworks/IOBluetooth.framework/Versions/A/IOBluetooth
0x000000004b973000 	/System/Library/PrivateFrameworks/CoreWiFi.framework/Versions/A/CoreWiFi
0x000000004b973000 	/System/Library/Frameworks/CoreBluetooth.framework/Versions/A/CoreBluetooth
0x000000004b973000 	/System/Library/Frameworks/CoreDisplay.framework/Versions/A/CoreDisplay
0x000000004b973000 	/System/Library/PrivateFrameworks/IOPresentment.framework/Versions/A/IOPresentment
0x000000004b973000 	/System/Library/PrivateFrameworks/DebugSymbols.framework/Versions/A/DebugSymbols
0x000000004b973000 	/System/Library/PrivateFrameworks/CoreSymbolication.framework/Versions/A/CoreSymbolication
0x000000004b973000 	/System/Library/PrivateFrameworks/Symbolication.framework/Versions/A/Symbolication
0x000000004b973000 	/System/Library/PrivateFrameworks/AppleFSCompression.framework/Versions/A/AppleFSCompression
0x000000004b973000 	/System/Library/PrivateFrameworks/SpeechRecognitionCore.framework/Versions/A/SpeechRecognitionCore
0x000000004b973000 	/System/Library/PrivateFrameworks/ChunkingLibrary.framework/Versions/A/ChunkingLibrary
0x000000010de00000 	/Library/Java/JavaVirtualMachines/jdk1.8.0_77.jdk/Contents/Home/jre/lib/server/libjvm.dylib
0x000000004b973000 	/usr/lib/libstdc++.6.dylib
0x000000010d4db000 	/Library/Java/JavaVirtualMachines/jdk1.8.0_77.jdk/Contents/Home/jre/lib/libverify.dylib
0x000000010d4e9000 	/Library/Java/JavaVirtualMachines/jdk1.8.0_77.jdk/Contents/Home/jre/lib/libjava.dylib
0x000000010d528000 	/Library/Java/JavaVirtualMachines/jdk1.8.0_77.jdk/Contents/Home/jre/lib/libzip.dylib
0x000000011a0fb000 	/System/Library/Frameworks/JavaVM.framework/Frameworks/JavaRuntimeSupport.framework/JavaRuntimeSupport
0x000000011a115000 	/System/Library/Frameworks/JavaVM.framework/Versions/A/Frameworks/JavaNativeFoundation.framework/Versions/A/JavaNativeFoundation
0x000000011a12a000 	/System/Library/Frameworks/JavaVM.framework/Versions/A/JavaVM
0x000000004b973000 	/System/Library/Frameworks/Carbon.framework/Versions/A/Carbon
0x000000011a137000 	/System/Library/PrivateFrameworks/JavaLaunching.framework/Versions/A/JavaLaunching
0x000000004b973000 	/System/Library/Frameworks/Carbon.framework/Versions/A/Frameworks/CommonPanels.framework/Versions/A/CommonPanels
0x000000004b973000 	/System/Library/Frameworks/Carbon.framework/Versions/A/Frameworks/Help.framework/Versions/A/Help
0x000000004b973000 	/System/Library/Frameworks/Carbon.framework/Versions/A/Frameworks/ImageCapture.framework/Versions/A/ImageCapture
0x000000004b973000 	/System/Library/Frameworks/Carbon.framework/Versions/A/Frameworks/OpenScripting.framework/Versions/A/OpenScripting
0x000000004b973000 	/System/Library/Frameworks/Carbon.framework/Versions/A/Frameworks/Print.framework/Versions/A/Print
0x000000004b973000 	/System/Library/Frameworks/Carbon.framework/Versions/A/Frameworks/SecurityHI.framework/Versions/A/SecurityHI
0x000000011a185000 	/Users/jm/code/FaultTolerantHeapSort/Sort/libInsertionSort.dylib

VM Arguments:
java_command: InsertionSort
java_class_path (initial): .
Launcher Type: SUN_STANDARD

Environment Variables:
PATH=/usr/local/bin:/usr/bin:/bin:/usr/sbin:/sbin:/opt/X11/bin:/usr/local/go/bin:/Library/Frameworks/Mono.framework/Versions/Current/Commands
SHELL=/bin/bash
DISPLAY=/private/tmp/com.apple.launchd.tySZpaoh41/org.macosforge.xquartz:0

Signal Handlers:
SIGSEGV: [libjvm.dylib+0x5a6855], sa_mask[0]=11111111011111110111111111111111, sa_flags=SA_ONSTACK|SA_RESTART|SA_SIGINFO
SIGBUS: [libjvm.dylib+0x5a6855], sa_mask[0]=11111111011111110111111111111111, sa_flags=SA_RESTART|SA_SIGINFO
SIGFPE: [libjvm.dylib+0x4804ec], sa_mask[0]=11111111011111110111111111111111, sa_flags=SA_RESTART|SA_SIGINFO
SIGPIPE: [libjvm.dylib+0x4804ec], sa_mask[0]=11111111011111110111111111111111, sa_flags=SA_RESTART|SA_SIGINFO
SIGXFSZ: [libjvm.dylib+0x4804ec], sa_mask[0]=11111111011111110111111111111111, sa_flags=SA_RESTART|SA_SIGINFO
SIGILL: [libjvm.dylib+0x4804ec], sa_mask[0]=11111111011111110111111111111111, sa_flags=SA_RESTART|SA_SIGINFO
SIGUSR1: SIG_DFL, sa_mask[0]=00000000000000000000000000000000, sa_flags=none
SIGUSR2: [libjvm.dylib+0x48000a], sa_mask[0]=00000000000000000000000000000000, sa_flags=SA_RESTART|SA_SIGINFO
SIGHUP: [libjvm.dylib+0x47e5e1], sa_mask[0]=11111111011111110111111111111111, sa_flags=SA_RESTART|SA_SIGINFO
SIGINT: [libjvm.dylib+0x47e5e1], sa_mask[0]=11111111011111110111111111111111, sa_flags=SA_RESTART|SA_SIGINFO
SIGTERM: [libjvm.dylib+0x47e5e1], sa_mask[0]=11111111011111110111111111111111, sa_flags=SA_RESTART|SA_SIGINFO
SIGQUIT: [libjvm.dylib+0x47e5e1], sa_mask[0]=11111111011111110111111111111111, sa_flags=SA_RESTART|SA_SIGINFO


---------------  S Y S T E M  ---------------

OS:Bsduname:Darwin 16.4.0 Darwin Kernel Version 16.4.0: Thu Dec 22 22:53:21 PST 2016; root:xnu-3789.41.3~3/RELEASE_X86_64 x86_64
rlimit: STACK 65532k, CORE 0k, NPROC 709, NOFILE 10240, AS infinity
load average:1.58 1.76 1.82

CPU:total 4 (2 cores per cpu, 2 threads per core) family 6 model 61 stepping 4, cmov, cx8, fxsr, mmx, sse, sse2, sse3, ssse3, sse4.1, sse4.2, popcnt, avx, avx2, aes, clmul, erms, 3dnowpref, lzcnt, ht, tsc, tscinvbit, bmi1, bmi2, adx

Memory: 4k page, physical 16777216k(3614580k free)

/proc/meminfo:


vm_info: Java HotSpot(TM) 64-Bit Server VM (25.77-b03) for bsd-amd64 JRE (1.8.0_77-b03), built on Mar 20 2016 22:14:03 by "java_re" with gcc 4.2.1 (Based on Apple Inc. build 5658) (LLVM build 2336.11.00)

time: Sun Mar  5 13:28:43 2017
elapsed time: 0 seconds (0d 0h 0m 0s)

