#
# A fatal error has been detected by the Java Runtime Environment:
#
#  SIGSEGV (0xb) at pc=0x00007fffb5cdcb52, pid=18816, tid=7171
#
# JRE version: Java(TM) SE Runtime Environment (8.0_77-b03) (build 1.8.0_77-b03)
# Java VM: Java HotSpot(TM) 64-Bit Server VM (25.77-b03 mixed mode bsd-amd64 compressed oops)
# Problematic frame:
# C  [libsystem_c.dylib+0x1b52]  strlen+0x12
#
# Failed to write core dump. Core dumps have been disabled. To enable core dumping, try "ulimit -c unlimited" before starting Java again
#
# If you would like to submit a bug report, please visit:
#   http://bugreport.java.com/bugreport/crash.jsp
# The crash happened outside the Java Virtual Machine in native code.
# See problematic frame for where to report the bug.
#

---------------  T H R E A D  ---------------

Current thread (0x00007fcf35003800):  JavaThread "main" [_thread_in_native, id=7171, stack(0x0000700001940000,0x0000700001a40000)]

siginfo: si_signo: 11 (SIGSEGV), si_code: 1 (SEGV_MAPERR), si_addr: 0x0000000000000020

Registers:
RAX=0x0000000000000022, RBX=0x00000001286f1318, RCX=0x0000000000000022, RDX=0x0000000000000022
RSP=0x0000700001a3f730, RBP=0x0000700001a3f730, RSI=0x00007fffbeadb0b0, RDI=0x0000000000000020
R8 =0x00007fffbead7a60, R9 =0x0000000000060fd8, R10=0x000000000000002e, R11=0x00007fffb5d19f98
R12=0x0000000000000000, R13=0x00000001286f1318, R14=0x00007fffbeadb0b0, R15=0x00007fcf35003800
RIP=0x00007fffb5cdcb52, EFLAGS=0x0000000000010202, ERR=0x0000000000000004
  TRAPNO=0x000000000000000e

Top of Stack: (sp=0x0000700001a3f730)
0x0000700001a3f730:   0000700001a3f770 00007fffb5d19fc0
0x0000700001a3f740:   0000000000000022 0000000000000000
0x0000700001a3f750:   00007fffbeadb0b0 0000000000000022
0x0000700001a3f760:   00000001286f1318 0000700001a3f8c0
0x0000700001a3f770:   0000700001a3f7a0 000000011125ee92
0x0000700001a3f780:   0000000700000003 0000700001a3f7f8
0x0000700001a3f790:   00007fffbeadb0b0 0000002234e30240
0x0000700001a3f7a0:   0000700001a3f830 000000011125ec88
0x0000700001a3f7b0:   0000700001a3f820 000000010e8e31e7
0x0000700001a3f7c0:   00007fcf35003800 000000010e91ca71
0x0000700001a3f7d0:   00007fcf35003800 00000001286f1318
0x0000700001a3f7e0:   00007fcf35003800 00000001286f1318
0x0000700001a3f7f0:   0000700001a3f7f8 0000000600000022
0x0000700001a3f800:   00007fcf34e30240 0000700001a3f8b8
0x0000700001a3f810:   0000700001a3f8c0 00007fcf350039f8
0x0000700001a3f820:   0000700001a3f898 58f4c0af25270067
0x0000700001a3f830:   0000700001a3f898 0000000111306954
0x0000700001a3f840:   0000700001a3f898 00000001113066e7
0x0000700001a3f850:   00000001113066a2 0000700001a3f858
0x0000700001a3f860:   00000001286f1318 0000700001a3f8c0
0x0000700001a3f870:   00000001286f15d0 0000000000000000
0x0000700001a3f880:   00000001286f1318 0000000000000000
0x0000700001a3f890:   0000700001a3f8b8 0000700001a3f908
0x0000700001a3f8a0:   00000001112f89d0 0000000000000000
0x0000700001a3f8b0:   000000011130057b 000000076ab75b38
0x0000700001a3f8c0:   000000076ab75b60 0000700001a3f8c8
0x0000700001a3f8d0:   00000001286f13db 0000700001a3f948
0x0000700001a3f8e0:   00000001286f15d0 0000000000000000
0x0000700001a3f8f0:   00000001286f1418 0000700001a3f8b8
0x0000700001a3f900:   0000700001a3f948 0000700001a3f9b0
0x0000700001a3f910:   00000001112f17a7 0000000000000000
0x0000700001a3f920:   0000000000000000 0000000000000000 

Instructions: (pc=0x00007fffb5cdcb52)
0x00007fffb5cdcb32:   0e 01 f3 0f 7f 44 0f 01 5d c3 90 90 90 90 55 48
0x00007fffb5cdcb42:   89 e5 48 89 f9 48 89 fa 48 83 e7 f0 66 0f ef c0
0x00007fffb5cdcb52:   66 0f 74 07 66 0f d7 f0 48 83 e1 0f 48 83 c8 ff
0x00007fffb5cdcb62:   48 d3 e0 21 c6 74 17 0f bc c6 48 29 d7 48 01 f8 

Register to memory mapping:

RAX=0x0000000000000022 is an unknown value
RBX={method} {0x00000001286f1318} 'runInsertionSort' '([I)[I' in 'InsertionSort'
RCX=0x0000000000000022 is an unknown value
RDX=0x0000000000000022 is an unknown value
RSP=0x0000700001a3f730 is pointing into the stack for thread: 0x00007fcf35003800
RBP=0x0000700001a3f730 is pointing into the stack for thread: 0x00007fcf35003800
RSI=0x00007fffbeadb0b0: usual+0 in /usr/lib/system/libsystem_c.dylib at 0x00007fffb5cdb000
RDI=0x0000000000000020 is an unknown value
R8 =0x00007fffbead7a60: filelist_lock+0x18 in /usr/lib/system/libsystem_c.dylib at 0x00007fffb5cdb000
R9 =0x0000000000060fd8 is an unknown value
R10=0x000000000000002e is an unknown value
R11=0x00007fffb5d19f98: fputs+0 in /usr/lib/system/libsystem_c.dylib at 0x00007fffb5cdb000
R12=0x0000000000000000 is an unknown value
R13={method} {0x00000001286f1318} 'runInsertionSort' '([I)[I' in 'InsertionSort'
R14=0x00007fffbeadb0b0: usual+0 in /usr/lib/system/libsystem_c.dylib at 0x00007fffb5cdb000
R15=0x00007fcf35003800 is a thread


Stack: [0x0000700001940000,0x0000700001a40000],  sp=0x0000700001a3f730,  free space=1021k
Native frames: (J=compiled Java code, j=interpreted, Vv=VM code, C=native code)
C  [libsystem_c.dylib+0x1b52]  strlen+0x12
C  [libsystem_c.dylib+0x3efc0]  fputs+0x28
C  [libInsertionSort.dylib+0xe92]  save_count+0x32
C  [libInsertionSort.dylib+0xc88]  Java_InsertionSort_runInsertionSort+0xa8
j  InsertionSort.runInsertionSort([I)[I+0
j  InsertionSort.main([Ljava/lang/String;)V+43
v  ~StubRoutines::call_stub
V  [libjvm.dylib+0x2ea39e]  JavaCalls::call_helper(JavaValue*, methodHandle*, JavaCallArguments*, Thread*)+0x6ae
V  [libjvm.dylib+0x321110]  jni_invoke_static(JNIEnv_*, JavaValue*, _jobject*, JNICallType, _jmethodID*, JNI_ArgumentPusher*, Thread*)+0x1bf
V  [libjvm.dylib+0x319e8a]  jni_CallStaticVoidMethod+0x15d
C  [java+0x393e]  JavaMain+0x9b1
C  [libsystem_pthread.dylib+0x3aab]  _pthread_body+0xb4
C  [libsystem_pthread.dylib+0x39f7]  _pthread_body+0x0
C  [libsystem_pthread.dylib+0x31fd]  thread_start+0xd
C  0x0000000000000000

Java frames: (J=compiled Java code, j=interpreted, Vv=VM code)
j  InsertionSort.runInsertionSort([I)[I+0
j  InsertionSort.main([Ljava/lang/String;)V+43
v  ~StubRoutines::call_stub

---------------  P R O C E S S  ---------------

Java Threads: ( => current thread )
  0x00007fcf3683e000 JavaThread "Service Thread" daemon [_thread_blocked, id=18691, stack(0x0000700002564000,0x0000700002664000)]
  0x00007fcf36028000 JavaThread "C1 CompilerThread2" daemon [_thread_blocked, id=18179, stack(0x0000700002461000,0x0000700002561000)]
  0x00007fcf35060000 JavaThread "C2 CompilerThread1" daemon [_thread_blocked, id=17667, stack(0x000070000235e000,0x000070000245e000)]
  0x00007fcf35043000 JavaThread "C2 CompilerThread0" daemon [_thread_blocked, id=17155, stack(0x000070000225b000,0x000070000235b000)]
  0x00007fcf36034800 JavaThread "Signal Dispatcher" daemon [_thread_blocked, id=16643, stack(0x0000700002158000,0x0000700002258000)]
  0x00007fcf36015800 JavaThread "Finalizer" daemon [_thread_blocked, id=12547, stack(0x0000700002055000,0x0000700002155000)]
  0x00007fcf35808000 JavaThread "Reference Handler" daemon [_thread_blocked, id=12035, stack(0x0000700001f52000,0x0000700002052000)]
=>0x00007fcf35003800 JavaThread "main" [_thread_in_native, id=7171, stack(0x0000700001940000,0x0000700001a40000)]

Other Threads:
  0x00007fcf3682b000 VMThread [stack: 0x0000700001e4f000,0x0000700001f4f000] [id=11523]
  0x00007fcf36017000 WatcherThread [stack: 0x0000700002667000,0x0000700002767000] [id=19203]

VM state:not at safepoint (normal execution)

VM Mutex/Monitor currently owned by a thread: None

Heap:
 PSYoungGen      total 76288K, used 2621K [0x000000076ab00000, 0x0000000770000000, 0x00000007c0000000)
  eden space 65536K, 4% used [0x000000076ab00000,0x000000076ad8f5e8,0x000000076eb00000)
  from space 10752K, 0% used [0x000000076f580000,0x000000076f580000,0x0000000770000000)
  to   space 10752K, 0% used [0x000000076eb00000,0x000000076eb00000,0x000000076f580000)
 ParOldGen       total 175104K, used 0K [0x00000006c0000000, 0x00000006cab00000, 0x000000076ab00000)
  object space 175104K, 0% used [0x00000006c0000000,0x00000006c0000000,0x00000006cab00000)
 Metaspace       used 2616K, capacity 4486K, committed 4864K, reserved 1056768K
  class space    used 285K, capacity 386K, committed 512K, reserved 1048576K

Card table byte_map: [0x000000010f94f000,0x0000000110150000] byte_map_base: 0x000000010c34f000

Marking Bits: (ParMarkBitMap*) 0x000000010eee3ea0
 Begin Bits: [0x00000001202f1000, 0x00000001242f1000)
 End Bits:   [0x00000001242f1000, 0x00000001282f1000)

Polling page: 0x000000010dda4000

CodeCache: size=245760Kb used=1083Kb max_used=1083Kb free=244676Kb
 bounds [0x00000001112f1000, 0x0000000111561000, 0x00000001202f1000]
 total_blobs=246 nmethods=16 adapters=145
 compilation: enabled

Compilation events (10 events):
Event: 0.068 Thread 0x00007fcf36028000   12       3       java.lang.String::getChars (62 bytes)
Event: 0.068 Thread 0x00007fcf36028000 nmethod 12 0x00000001113fe1d0 code [0x00000001113fe380, 0x00000001113fe7b8]
Event: 0.074 Thread 0x00007fcf36028000   13       1       java.lang.ref.Reference::get (5 bytes)
Event: 0.074 Thread 0x00007fcf36028000 nmethod 13 0x00000001113ff5d0 code [0x00000001113ff720, 0x00000001113ff830]
Event: 0.076 Thread 0x00007fcf36028000   14       3       java.lang.String::indexOf (7 bytes)
Event: 0.076 Thread 0x00007fcf36028000 nmethod 14 0x00000001113ff890 code [0x00000001113ffa00, 0x00000001113ffc08]
Event: 0.076 Thread 0x00007fcf36028000   15       1       java.lang.ThreadLocal::access$400 (5 bytes)
Event: 0.077 Thread 0x00007fcf36028000 nmethod 15 0x00000001113ffc90 code [0x00000001113ffde0, 0x00000001113ffed0]
Event: 0.077 Thread 0x00007fcf36028000   16       3       java.lang.String::lastIndexOf (52 bytes)
Event: 0.078 Thread 0x00007fcf36028000 nmethod 16 0x00000001113fff50 code [0x00000001114000e0, 0x0000000111400468]

GC Heap History (0 events):
No events

Deoptimization events (0 events):
No events

Internal exceptions (2 events):
Event: 0.028 Thread 0x00007fcf35003800 Exception <a 'java/lang/NoSuchMethodError': Method sun.misc.Unsafe.defineClass(Ljava/lang/String;[BII)Ljava/lang/Class; name or signature does not match> (0x000000076ab07cc0) thrown at [/Users/java_re/workspace/8-2-build-macosx-x86_64/jdk8u77/6540/hotspot
Event: 0.028 Thread 0x00007fcf35003800 Exception <a 'java/lang/NoSuchMethodError': Method sun.misc.Unsafe.prefetchRead(Ljava/lang/Object;J)V name or signature does not match> (0x000000076ab07fa8) thrown at [/Users/java_re/workspace/8-2-build-macosx-x86_64/jdk8u77/6540/hotspot/src/share/vm/prim

Events (10 events):
Event: 0.075 loading class java/security/BasicPermissionCollection
Event: 0.075 loading class java/security/BasicPermissionCollection done
Event: 0.076 loading class sun/launcher/LauncherHelper$FXHelper
Event: 0.076 loading class sun/launcher/LauncherHelper$FXHelper done
Event: 0.076 loading class java/lang/Class$MethodArray
Event: 0.076 loading class java/lang/Class$MethodArray done
Event: 0.076 loading class java/lang/Void
Event: 0.076 loading class java/lang/Void done
Event: 0.076 loading class java/lang/ClassLoaderHelper
Event: 0.076 loading class java/lang/ClassLoaderHelper done


Dynamic libraries:
0x000000002b39d000 	/System/Library/Frameworks/Cocoa.framework/Versions/A/Cocoa
0x000000002b39d000 	/System/Library/Frameworks/Security.framework/Versions/A/Security
0x000000002b39d000 	/System/Library/Frameworks/ApplicationServices.framework/Versions/A/ApplicationServices
0x000000002b39d000 	/usr/lib/libz.1.dylib
0x000000002b39d000 	/usr/lib/libSystem.B.dylib
0x000000002b39d000 	/usr/lib/libobjc.A.dylib
0x000000002b39d000 	/System/Library/Frameworks/CoreFoundation.framework/Versions/A/CoreFoundation
0x000000002b39d000 	/System/Library/Frameworks/Foundation.framework/Versions/C/Foundation
0x000000002b39d000 	/System/Library/Frameworks/AppKit.framework/Versions/C/AppKit
0x000000002b39d000 	/System/Library/Frameworks/CoreData.framework/Versions/A/CoreData
0x000000002b39d000 	/System/Library/PrivateFrameworks/RemoteViewServices.framework/Versions/A/RemoteViewServices
0x000000002b39d000 	/System/Library/PrivateFrameworks/UIFoundation.framework/Versions/A/UIFoundation
0x000000002b39d000 	/System/Library/PrivateFrameworks/DFRFoundation.framework/Versions/A/DFRFoundation
0x000000002b39d000 	/usr/lib/libenergytrace.dylib
0x000000002b39d000 	/System/Library/PrivateFrameworks/SkyLight.framework/Versions/A/SkyLight
0x000000002b39d000 	/System/Library/Frameworks/CoreGraphics.framework/Versions/A/CoreGraphics
0x000000002b39d000 	/usr/lib/libScreenReader.dylib
0x000000002b39d000 	/System/Library/Frameworks/Accelerate.framework/Versions/A/Accelerate
0x000000002b39d000 	/System/Library/Frameworks/IOSurface.framework/Versions/A/IOSurface
0x000000002b39d000 	/System/Library/Frameworks/AudioToolbox.framework/Versions/A/AudioToolbox
0x000000002b39d000 	/System/Library/Frameworks/AudioUnit.framework/Versions/A/AudioUnit
0x000000002b39d000 	/System/Library/PrivateFrameworks/DataDetectorsCore.framework/Versions/A/DataDetectorsCore
0x000000002b39d000 	/System/Library/PrivateFrameworks/DesktopServicesPriv.framework/Versions/A/DesktopServicesPriv
0x000000002b39d000 	/System/Library/Frameworks/Carbon.framework/Versions/A/Frameworks/HIToolbox.framework/Versions/A/HIToolbox
0x000000002b39d000 	/usr/lib/libicucore.A.dylib
0x000000002b39d000 	/System/Library/Frameworks/QuartzCore.framework/Versions/A/QuartzCore
0x000000002b39d000 	/System/Library/Frameworks/Carbon.framework/Versions/A/Frameworks/SpeechRecognition.framework/Versions/A/SpeechRecognition
0x000000002b39d000 	/usr/lib/libauto.dylib
0x000000002b39d000 	/usr/lib/libxml2.2.dylib
0x000000002b39d000 	/System/Library/PrivateFrameworks/CoreUI.framework/Versions/A/CoreUI
0x000000002b39d000 	/System/Library/Frameworks/CoreAudio.framework/Versions/A/CoreAudio
0x000000002b39d000 	/System/Library/Frameworks/DiskArbitration.framework/Versions/A/DiskArbitration
0x000000002b39d000 	/usr/lib/liblangid.dylib
0x000000002b39d000 	/System/Library/PrivateFrameworks/MultitouchSupport.framework/Versions/A/MultitouchSupport
0x000000002b39d000 	/System/Library/Frameworks/IOKit.framework/Versions/A/IOKit
0x000000002b39d000 	/usr/lib/libDiagnosticMessagesClient.dylib
0x000000002b39d000 	/System/Library/Frameworks/CoreServices.framework/Versions/A/CoreServices
0x000000002b39d000 	/System/Library/PrivateFrameworks/PerformanceAnalysis.framework/Versions/A/PerformanceAnalysis
0x000000002b39d000 	/System/Library/PrivateFrameworks/GenerationalStorage.framework/Versions/A/GenerationalStorage
0x000000002b39d000 	/System/Library/Frameworks/OpenGL.framework/Versions/A/OpenGL
0x000000002b39d000 	/System/Library/Frameworks/CoreImage.framework/Versions/A/CoreImage
0x000000002b39d000 	/System/Library/Frameworks/CoreText.framework/Versions/A/CoreText
0x000000002b39d000 	/System/Library/Frameworks/ImageIO.framework/Versions/A/ImageIO
0x000000002b39d000 	/System/Library/PrivateFrameworks/Backup.framework/Versions/A/Backup
0x000000002b39d000 	/usr/lib/libarchive.2.dylib
0x000000002b39d000 	/System/Library/Frameworks/CFNetwork.framework/Versions/A/CFNetwork
0x000000002b39d000 	/System/Library/Frameworks/SystemConfiguration.framework/Versions/A/SystemConfiguration
0x000000002b39d000 	/usr/lib/libCRFSuite.dylib
0x000000002b39d000 	/usr/lib/libc++.1.dylib
0x000000002b39d000 	/usr/lib/libc++abi.dylib
0x000000002b39d000 	/usr/lib/system/libcache.dylib
0x000000002b39d000 	/usr/lib/system/libcommonCrypto.dylib
0x000000002b39d000 	/usr/lib/system/libcompiler_rt.dylib
0x000000002b39d000 	/usr/lib/system/libcopyfile.dylib
0x000000002b39d000 	/usr/lib/system/libcorecrypto.dylib
0x000000002b39d000 	/usr/lib/system/libdispatch.dylib
0x000000002b39d000 	/usr/lib/system/libdyld.dylib
0x000000002b39d000 	/usr/lib/system/libkeymgr.dylib
0x000000002b39d000 	/usr/lib/system/liblaunch.dylib
0x000000002b39d000 	/usr/lib/system/libmacho.dylib
0x000000002b39d000 	/usr/lib/system/libquarantine.dylib
0x000000002b39d000 	/usr/lib/system/libremovefile.dylib
0x000000002b39d000 	/usr/lib/system/libsystem_asl.dylib
0x000000002b39d000 	/usr/lib/system/libsystem_blocks.dylib
0x000000002b39d000 	/usr/lib/system/libsystem_c.dylib
0x000000002b39d000 	/usr/lib/system/libsystem_configuration.dylib
0x000000002b39d000 	/usr/lib/system/libsystem_coreservices.dylib
0x000000002b39d000 	/usr/lib/system/libsystem_coretls.dylib
0x000000002b39d000 	/usr/lib/system/libsystem_dnssd.dylib
0x000000002b39d000 	/usr/lib/system/libsystem_info.dylib
0x000000002b39d000 	/usr/lib/system/libsystem_kernel.dylib
0x000000002b39d000 	/usr/lib/system/libsystem_m.dylib
0x000000002b39d000 	/usr/lib/system/libsystem_malloc.dylib
0x000000002b39d000 	/usr/lib/system/libsystem_network.dylib
0x000000002b39d000 	/usr/lib/system/libsystem_networkextension.dylib
0x000000002b39d000 	/usr/lib/system/libsystem_notify.dylib
0x000000002b39d000 	/usr/lib/system/libsystem_platform.dylib
0x000000002b39d000 	/usr/lib/system/libsystem_pthread.dylib
0x000000002b39d000 	/usr/lib/system/libsystem_sandbox.dylib
0x000000002b39d000 	/usr/lib/system/libsystem_secinit.dylib
0x000000002b39d000 	/usr/lib/system/libsystem_symptoms.dylib
0x000000002b39d000 	/usr/lib/system/libsystem_trace.dylib
0x000000002b39d000 	/usr/lib/system/libunwind.dylib
0x000000002b39d000 	/usr/lib/system/libxpc.dylib
0x000000002b39d000 	/usr/lib/libbsm.0.dylib
0x000000002b39d000 	/usr/lib/system/libkxld.dylib
0x000000002b39d000 	/usr/lib/libcoretls.dylib
0x000000002b39d000 	/usr/lib/libcoretls_cfhelpers.dylib
0x000000002b39d000 	/usr/lib/libxar.1.dylib
0x000000002b39d000 	/usr/lib/libsqlite3.dylib
0x000000002b39d000 	/usr/lib/libpam.2.dylib
0x000000002b39d000 	/usr/lib/libOpenScriptingUtil.dylib
0x000000002b39d000 	/usr/lib/libbz2.1.0.dylib
0x000000002b39d000 	/usr/lib/liblzma.5.dylib
0x000000002b39d000 	/usr/lib/libnetwork.dylib
0x000000002b39d000 	/usr/lib/libpcap.A.dylib
0x000000002b39d000 	/System/Library/Frameworks/CoreServices.framework/Versions/A/Frameworks/FSEvents.framework/Versions/A/FSEvents
0x000000002b39d000 	/System/Library/Frameworks/CoreServices.framework/Versions/A/Frameworks/CarbonCore.framework/Versions/A/CarbonCore
0x000000002b39d000 	/System/Library/Frameworks/CoreServices.framework/Versions/A/Frameworks/Metadata.framework/Versions/A/Metadata
0x000000002b39d000 	/System/Library/Frameworks/CoreServices.framework/Versions/A/Frameworks/OSServices.framework/Versions/A/OSServices
0x000000002b39d000 	/System/Library/Frameworks/CoreServices.framework/Versions/A/Frameworks/SearchKit.framework/Versions/A/SearchKit
0x000000002b39d000 	/System/Library/Frameworks/CoreServices.framework/Versions/A/Frameworks/AE.framework/Versions/A/AE
0x000000002b39d000 	/System/Library/Frameworks/CoreServices.framework/Versions/A/Frameworks/LaunchServices.framework/Versions/A/LaunchServices
0x000000002b39d000 	/System/Library/Frameworks/CoreServices.framework/Versions/A/Frameworks/DictionaryServices.framework/Versions/A/DictionaryServices
0x000000002b39d000 	/System/Library/Frameworks/CoreServices.framework/Versions/A/Frameworks/SharedFileList.framework/Versions/A/SharedFileList
0x000000002b39d000 	/System/Library/Frameworks/NetFS.framework/Versions/A/NetFS
0x000000002b39d000 	/System/Library/PrivateFrameworks/NetAuth.framework/Versions/A/NetAuth
0x000000002b39d000 	/System/Library/PrivateFrameworks/login.framework/Versions/A/Frameworks/loginsupport.framework/Versions/A/loginsupport
0x000000002b39d000 	/System/Library/PrivateFrameworks/TCC.framework/Versions/A/TCC
0x000000002b39d000 	/usr/lib/libmecabra.dylib
0x000000002b39d000 	/System/Library/Frameworks/ApplicationServices.framework/Versions/A/Frameworks/ATS.framework/Versions/A/ATS
0x000000002b39d000 	/System/Library/Frameworks/ApplicationServices.framework/Versions/A/Frameworks/ColorSync.framework/Versions/A/ColorSync
0x000000002b39d000 	/System/Library/Frameworks/ApplicationServices.framework/Versions/A/Frameworks/HIServices.framework/Versions/A/HIServices
0x000000002b39d000 	/System/Library/Frameworks/ApplicationServices.framework/Versions/A/Frameworks/LangAnalysis.framework/Versions/A/LangAnalysis
0x000000002b39d000 	/System/Library/Frameworks/ApplicationServices.framework/Versions/A/Frameworks/PrintCore.framework/Versions/A/PrintCore
0x000000002b39d000 	/System/Library/Frameworks/ApplicationServices.framework/Versions/A/Frameworks/QD.framework/Versions/A/QD
0x000000002b39d000 	/System/Library/Frameworks/ApplicationServices.framework/Versions/A/Frameworks/SpeechSynthesis.framework/Versions/A/SpeechSynthesis
0x000000002b39d000 	/System/Library/Frameworks/Accelerate.framework/Versions/A/Frameworks/vImage.framework/Versions/A/vImage
0x000000002b39d000 	/System/Library/Frameworks/Accelerate.framework/Versions/A/Frameworks/vecLib.framework/Versions/A/vecLib
0x000000002b39d000 	/System/Library/Frameworks/Accelerate.framework/Versions/A/Frameworks/vecLib.framework/Versions/A/libvDSP.dylib
0x000000002b39d000 	/System/Library/Frameworks/Accelerate.framework/Versions/A/Frameworks/vecLib.framework/Versions/A/libBNNS.dylib
0x000000002b39d000 	/System/Library/Frameworks/Accelerate.framework/Versions/A/Frameworks/vecLib.framework/Versions/A/libQuadrature.dylib
0x000000002b39d000 	/System/Library/Frameworks/Accelerate.framework/Versions/A/Frameworks/vecLib.framework/Versions/A/libvMisc.dylib
0x000000002b39d000 	/System/Library/Frameworks/Accelerate.framework/Versions/A/Frameworks/vecLib.framework/Versions/A/libLAPACK.dylib
0x000000002b39d000 	/System/Library/Frameworks/Accelerate.framework/Versions/A/Frameworks/vecLib.framework/Versions/A/libBLAS.dylib
0x000000002b39d000 	/System/Library/Frameworks/Accelerate.framework/Versions/A/Frameworks/vecLib.framework/Versions/A/libLinearAlgebra.dylib
0x000000002b39d000 	/System/Library/Frameworks/Accelerate.framework/Versions/A/Frameworks/vecLib.framework/Versions/A/libSparseBLAS.dylib
0x000000002b39d000 	/System/Library/Frameworks/ApplicationServices.framework/Versions/A/Frameworks/ATS.framework/Versions/A/Resources/libFontParser.dylib
0x000000002b39d000 	/System/Library/Frameworks/ApplicationServices.framework/Versions/A/Frameworks/ATS.framework/Versions/A/Resources/libFontRegistry.dylib
0x000000002b39d000 	/System/Library/Frameworks/ImageIO.framework/Versions/A/Resources/libJPEG.dylib
0x000000002b39d000 	/System/Library/Frameworks/ImageIO.framework/Versions/A/Resources/libTIFF.dylib
0x000000002b39d000 	/System/Library/Frameworks/ImageIO.framework/Versions/A/Resources/libPng.dylib
0x000000002b39d000 	/System/Library/Frameworks/ImageIO.framework/Versions/A/Resources/libGIF.dylib
0x000000002b39d000 	/System/Library/Frameworks/ImageIO.framework/Versions/A/Resources/libJP2.dylib
0x000000002b39d000 	/System/Library/Frameworks/ImageIO.framework/Versions/A/Resources/libRadiance.dylib
0x000000002b39d000 	/usr/lib/libcompression.dylib
0x000000002b39d000 	/System/Library/PrivateFrameworks/AppleJPEG.framework/Versions/A/AppleJPEG
0x000000002b39d000 	/usr/lib/libcups.2.dylib
0x000000002b39d000 	/System/Library/Frameworks/Kerberos.framework/Versions/A/Kerberos
0x000000002b39d000 	/System/Library/Frameworks/GSS.framework/Versions/A/GSS
0x000000002b39d000 	/usr/lib/libresolv.9.dylib
0x000000002b39d000 	/usr/lib/libiconv.2.dylib
0x000000002b39d000 	/System/Library/PrivateFrameworks/Heimdal.framework/Versions/A/Heimdal
0x000000002b39d000 	/usr/lib/libheimdal-asn1.dylib
0x000000002b39d000 	/System/Library/Frameworks/OpenDirectory.framework/Versions/A/OpenDirectory
0x000000002b39d000 	/System/Library/PrivateFrameworks/CommonAuth.framework/Versions/A/CommonAuth
0x000000002b39d000 	/System/Library/Frameworks/OpenDirectory.framework/Versions/A/Frameworks/CFOpenDirectory.framework/Versions/A/CFOpenDirectory
0x000000002b39d000 	/System/Library/Frameworks/SecurityFoundation.framework/Versions/A/SecurityFoundation
0x000000002b39d000 	/System/Library/PrivateFrameworks/LanguageModeling.framework/Versions/A/LanguageModeling
0x000000002b39d000 	/usr/lib/libmarisa.dylib
0x000000002b39d000 	/usr/lib/libChineseTokenizer.dylib
0x000000002b39d000 	/usr/lib/libcmph.dylib
0x000000002b39d000 	/System/Library/PrivateFrameworks/CoreEmoji.framework/Versions/A/CoreEmoji
0x000000002b39d000 	/System/Library/Frameworks/ServiceManagement.framework/Versions/A/ServiceManagement
0x000000002b39d000 	/usr/lib/libxslt.1.dylib
0x000000002b39d000 	/System/Library/Frameworks/Carbon.framework/Versions/A/Frameworks/Ink.framework/Versions/A/Ink
0x000000002b39d000 	/System/Library/PrivateFrameworks/TextureIO.framework/Versions/A/TextureIO
0x000000002b39d000 	/System/Library/Frameworks/Metal.framework/Versions/A/Metal
0x000000002b39d000 	/usr/lib/libate.dylib
0x000000002b39d000 	/System/Library/PrivateFrameworks/GPUCompiler.framework/libmetal_timestamp.dylib
0x000000002b39d000 	/System/Library/Frameworks/OpenGL.framework/Versions/A/Libraries/libCoreFSCache.dylib
0x000000002b39d000 	/System/Library/PrivateFrameworks/IOAccelerator.framework/Versions/A/IOAccelerator
0x000000002b39d000 	/System/Library/Frameworks/CoreVideo.framework/Versions/A/CoreVideo
0x000000002b39d000 	/usr/lib/libFosl_dynamic.dylib
0x000000002b39d000 	/System/Library/PrivateFrameworks/MetalPerformanceShaders.framework/Versions/A/MetalPerformanceShaders
0x000000002b39d000 	/System/Library/PrivateFrameworks/FaceCore.framework/Versions/A/FaceCore
0x000000002b39d000 	/System/Library/Frameworks/OpenCL.framework/Versions/A/OpenCL
0x000000002b39d000 	/System/Library/Frameworks/OpenGL.framework/Versions/A/Libraries/libGLU.dylib
0x000000002b39d000 	/System/Library/Frameworks/OpenGL.framework/Versions/A/Libraries/libGFXShared.dylib
0x000000002b39d000 	/System/Library/Frameworks/OpenGL.framework/Versions/A/Libraries/libGL.dylib
0x000000002b39d000 	/System/Library/Frameworks/OpenGL.framework/Versions/A/Libraries/libGLImage.dylib
0x000000002b39d000 	/System/Library/Frameworks/OpenGL.framework/Versions/A/Libraries/libCVMSPluginSupport.dylib
0x000000002b39d000 	/System/Library/Frameworks/OpenGL.framework/Versions/A/Libraries/libCoreVMClient.dylib
0x000000002b39d000 	/System/Library/PrivateFrameworks/CrashReporterSupport.framework/Versions/A/CrashReporterSupport
0x000000002b39d000 	/System/Library/PrivateFrameworks/Sharing.framework/Versions/A/Sharing
0x000000002b39d000 	/System/Library/PrivateFrameworks/IconServices.framework/Versions/A/IconServices
0x000000002b39d000 	/System/Library/PrivateFrameworks/ProtocolBuffer.framework/Versions/A/ProtocolBuffer
0x000000002b39d000 	/System/Library/PrivateFrameworks/Apple80211.framework/Versions/A/Apple80211
0x000000002b39d000 	/System/Library/Frameworks/CoreWLAN.framework/Versions/A/CoreWLAN
0x000000002b39d000 	/System/Library/PrivateFrameworks/CoreUtils.framework/Versions/A/CoreUtils
0x000000002b39d000 	/System/Library/Frameworks/IOBluetooth.framework/Versions/A/IOBluetooth
0x000000002b39d000 	/System/Library/PrivateFrameworks/CoreWiFi.framework/Versions/A/CoreWiFi
0x000000002b39d000 	/System/Library/Frameworks/CoreBluetooth.framework/Versions/A/CoreBluetooth
0x000000002b39d000 	/System/Library/Frameworks/CoreDisplay.framework/Versions/A/CoreDisplay
0x000000002b39d000 	/System/Library/PrivateFrameworks/IOPresentment.framework/Versions/A/IOPresentment
0x000000002b39d000 	/System/Library/PrivateFrameworks/DebugSymbols.framework/Versions/A/DebugSymbols
0x000000002b39d000 	/System/Library/PrivateFrameworks/CoreSymbolication.framework/Versions/A/CoreSymbolication
0x000000002b39d000 	/System/Library/PrivateFrameworks/Symbolication.framework/Versions/A/Symbolication
0x000000002b39d000 	/System/Library/PrivateFrameworks/AppleFSCompression.framework/Versions/A/AppleFSCompression
0x000000002b39d000 	/System/Library/PrivateFrameworks/SpeechRecognitionCore.framework/Versions/A/SpeechRecognitionCore
0x000000002b39d000 	/System/Library/PrivateFrameworks/ChunkingLibrary.framework/Versions/A/ChunkingLibrary
0x000000010e600000 	/Library/Java/JavaVirtualMachines/jdk1.8.0_77.jdk/Contents/Home/jre/lib/server/libjvm.dylib
0x000000002b39d000 	/usr/lib/libstdc++.6.dylib
0x000000010dd61000 	/Library/Java/JavaVirtualMachines/jdk1.8.0_77.jdk/Contents/Home/jre/lib/libverify.dylib
0x000000010dd6f000 	/Library/Java/JavaVirtualMachines/jdk1.8.0_77.jdk/Contents/Home/jre/lib/libjava.dylib
0x000000010ddae000 	/Library/Java/JavaVirtualMachines/jdk1.8.0_77.jdk/Contents/Home/jre/lib/libzip.dylib
0x0000000129a11000 	/System/Library/Frameworks/JavaVM.framework/Frameworks/JavaRuntimeSupport.framework/JavaRuntimeSupport
0x0000000129a2b000 	/System/Library/Frameworks/JavaVM.framework/Versions/A/Frameworks/JavaNativeFoundation.framework/Versions/A/JavaNativeFoundation
0x0000000129a40000 	/System/Library/Frameworks/JavaVM.framework/Versions/A/JavaVM
0x000000002b39d000 	/System/Library/Frameworks/Carbon.framework/Versions/A/Carbon
0x0000000129a4d000 	/System/Library/PrivateFrameworks/JavaLaunching.framework/Versions/A/JavaLaunching
0x000000002b39d000 	/System/Library/Frameworks/Carbon.framework/Versions/A/Frameworks/CommonPanels.framework/Versions/A/CommonPanels
0x000000002b39d000 	/System/Library/Frameworks/Carbon.framework/Versions/A/Frameworks/Help.framework/Versions/A/Help
0x000000002b39d000 	/System/Library/Frameworks/Carbon.framework/Versions/A/Frameworks/ImageCapture.framework/Versions/A/ImageCapture
0x000000002b39d000 	/System/Library/Frameworks/Carbon.framework/Versions/A/Frameworks/OpenScripting.framework/Versions/A/OpenScripting
0x000000002b39d000 	/System/Library/Frameworks/Carbon.framework/Versions/A/Frameworks/Print.framework/Versions/A/Print
0x000000002b39d000 	/System/Library/Frameworks/Carbon.framework/Versions/A/Frameworks/SecurityHI.framework/Versions/A/SecurityHI
0x000000011125e000 	/Users/jm/code/FaultTolerantHeapSort/Sort/libInsertionSort.dylib

VM Arguments:
java_command: InsertionSort
java_class_path (initial): .
Launcher Type: SUN_STANDARD

Environment Variables:
PATH=/usr/local/bin:/usr/bin:/bin:/usr/sbin:/sbin:/opt/X11/bin:/usr/local/go/bin:/Library/Frameworks/Mono.framework/Versions/Current/Commands
SHELL=/bin/bash
DISPLAY=/private/tmp/com.apple.launchd.BuadJDPoi5/org.macosforge.xquartz:0

Signal Handlers:
SIGSEGV: [libjvm.dylib+0x5a6855], sa_mask[0]=11111111011111110111111111111111, sa_flags=SA_ONSTACK|SA_RESTART|SA_SIGINFO
SIGBUS: [libjvm.dylib+0x5a6855], sa_mask[0]=11111111011111110111111111111111, sa_flags=SA_RESTART|SA_SIGINFO
SIGFPE: [libjvm.dylib+0x4804ec], sa_mask[0]=11111111011111110111111111111111, sa_flags=SA_RESTART|SA_SIGINFO
SIGPIPE: [libjvm.dylib+0x4804ec], sa_mask[0]=11111111011111110111111111111111, sa_flags=SA_RESTART|SA_SIGINFO
SIGXFSZ: [libjvm.dylib+0x4804ec], sa_mask[0]=11111111011111110111111111111111, sa_flags=SA_RESTART|SA_SIGINFO
SIGILL: [libjvm.dylib+0x4804ec], sa_mask[0]=11111111011111110111111111111111, sa_flags=SA_RESTART|SA_SIGINFO
SIGUSR1: SIG_DFL, sa_mask[0]=00000000000000000000000000000000, sa_flags=none
SIGUSR2: [libjvm.dylib+0x48000a], sa_mask[0]=00000000000000000000000000000000, sa_flags=SA_RESTART|SA_SIGINFO
SIGHUP: [libjvm.dylib+0x47e5e1], sa_mask[0]=11111111011111110111111111111111, sa_flags=SA_RESTART|SA_SIGINFO
SIGINT: [libjvm.dylib+0x47e5e1], sa_mask[0]=11111111011111110111111111111111, sa_flags=SA_RESTART|SA_SIGINFO
SIGTERM: [libjvm.dylib+0x47e5e1], sa_mask[0]=11111111011111110111111111111111, sa_flags=SA_RESTART|SA_SIGINFO
SIGQUIT: [libjvm.dylib+0x47e5e1], sa_mask[0]=11111111011111110111111111111111, sa_flags=SA_RESTART|SA_SIGINFO


---------------  S Y S T E M  ---------------

OS:Bsduname:Darwin 16.4.0 Darwin Kernel Version 16.4.0: Thu Dec 22 22:53:21 PST 2016; root:xnu-3789.41.3~3/RELEASE_X86_64 x86_64
rlimit: STACK 65532k, CORE 0k, NPROC 709, NOFILE 10240, AS infinity
load average:3.90 2.47 2.19

CPU:total 4 (2 cores per cpu, 2 threads per core) family 6 model 61 stepping 4, cmov, cx8, fxsr, mmx, sse, sse2, sse3, ssse3, sse4.1, sse4.2, popcnt, avx, avx2, aes, clmul, erms, 3dnowpref, lzcnt, ht, tsc, tscinvbit, bmi1, bmi2, adx

Memory: 4k page, physical 16777216k(2853056k free)

/proc/meminfo:


vm_info: Java HotSpot(TM) 64-Bit Server VM (25.77-b03) for bsd-amd64 JRE (1.8.0_77-b03), built on Mar 20 2016 22:14:03 by "java_re" with gcc 4.2.1 (Based on Apple Inc. build 5658) (LLVM build 2336.11.00)

time: Sat Mar  4 21:10:28 2017
elapsed time: 0 seconds (0d 0h 0m 0s)

